This file contains any messages produced by compilers while
running configure, to aid debugging if configure makes a mistake.

It was created by xuggle-ffmpeg configure 5.5, which was
generated by GNU Autoconf 2.68.  Invocation command line was

  $ ./configure --disable-option-checking --prefix=/usr/local --cache-file=/dev/null --srcdir=.

## --------- ##
## Platform. ##
## --------- ##

hostname = Sivaramakrishns-iMac.local
uname -m = x86_64
uname -r = 11.4.2
uname -s = Darwin
uname -v = Darwin Kernel Version 11.4.2: Thu Aug 23 16:25:48 PDT 2012; root:xnu-1699.32.7~1/RELEASE_X86_64

/usr/bin/uname -p = i386
/bin/uname -X     = unknown

/bin/arch              = unknown
/usr/bin/arch -k       = unknown
/usr/convex/getsysinfo = unknown
/usr/bin/hostinfo      = Mach kernel version:
	 Darwin Kernel Version 11.4.2: Thu Aug 23 16:25:48 PDT 2012; root:xnu-1699.32.7~1/RELEASE_X86_64
Kernel configured for up to 8 processors.
4 processors are physically available.
8 processors are logically available.
Processor type: i486 (Intel 80486)
Processors active: 0 1 2 3 4 5 6 7
Primary memory available: 8.00 gigabytes
Default processor set: 90 tasks, 495 threads, 8 processors
Load average: 4.35, Mach factor: 3.64
/bin/machine           = unknown
/usr/bin/oslevel       = unknown
/bin/universe          = unknown

PATH: /usr/bin
PATH: /bin
PATH: /usr/sbin
PATH: /sbin
PATH: /usr/local/bin
PATH: /usr/X11/bin
PATH: /usr/local/jad158g.mac.intel/


## ----------- ##
## Core tests. ##
## ----------- ##

configure:2307: checking for a BSD-compatible install
configure:2375: result: /usr/bin/install -c
configure:2386: checking whether build environment is sane
configure:2436: result: yes
configure:2577: checking for a thread-safe mkdir -p
configure:2616: result: ./install-sh -c -d
configure:2629: checking for gawk
configure:2659: result: no
configure:2629: checking for mawk
configure:2659: result: no
configure:2629: checking for nawk
configure:2659: result: no
configure:2629: checking for awk
configure:2645: found /usr/bin/awk
configure:2656: result: awk
configure:2667: checking whether make sets $(MAKE)
configure:2689: result: yes
configure:2764: checking how to create a pax tar archive
configure:2777: tar --version
bsdtar 2.8.3 - libarchive 2.8.3
configure:2780: $? = 0
configure:2820: tardir=conftest.dir && eval tar --format=posix -chf - "$tardir" >conftest.tar
configure:2823: $? = 0
configure:2827: tar -xf - <conftest.tar
configure:2830: $? = 0
configure:2843: result: gnutar
configure:2851: checking whether to enable maintainer-specific portions of Makefiles
configure:2860: result: no
configure:2884: checking whether make supports nested variables
configure:2901: result: yes
configure:2941: checking build system type
configure:2955: result: x86_64-apple-darwin11.4.2
configure:2975: checking host system type
configure:2988: result: x86_64-apple-darwin11.4.2
configure:3029: checking how to print strings
configure:3056: result: printf
configure:3125: checking for gcc
configure:3141: found /usr/bin/gcc
configure:3152: result: gcc
configure:3381: checking for C compiler version
configure:3390: gcc --version >&5
i686-apple-darwin11-llvm-gcc-4.2 (GCC) 4.2.1 (Based on Apple Inc. build 5658) (LLVM build 2336.11.00)
Copyright (C) 2007 Free Software Foundation, Inc.
This is free software; see the source for copying conditions.  There is NO
warranty; not even for MERCHANTABILITY or FITNESS FOR A PARTICULAR PURPOSE.

configure:3401: $? = 0
configure:3390: gcc -v >&5
Using built-in specs.
Target: i686-apple-darwin11
Configured with: /private/var/tmp/llvmgcc42/llvmgcc42-2336.11~67/src/configure --disable-checking --enable-werror --prefix=/Applications/Xcode.app/Contents/Developer/usr/llvm-gcc-4.2 --mandir=/share/man --enable-languages=c,objc,c++,obj-c++ --program-prefix=llvm- --program-transform-name=/^[cg][^.-]*$/s/$/-4.2/ --with-slibdir=/usr/lib --build=i686-apple-darwin11 --enable-llvm=/private/var/tmp/llvmgcc42/llvmgcc42-2336.11~67/dst-llvmCore/Developer/usr/local --program-prefix=i686-apple-darwin11- --host=x86_64-apple-darwin11 --target=i686-apple-darwin11 --with-gxx-include-dir=/usr/include/c++/4.2.1
Thread model: posix
gcc version 4.2.1 (Based on Apple Inc. build 5658) (LLVM build 2336.11.00)
configure:3401: $? = 0
configure:3390: gcc -V >&5
llvm-gcc-4.2: argument to `-V' is missing
configure:3401: $? = 1
configure:3390: gcc -qversion >&5
i686-apple-darwin11-llvm-gcc-4.2: no input files
configure:3401: $? = 1
configure:3421: checking whether the C compiler works
configure:3443: gcc    conftest.c  >&5
configure:3447: $? = 0
configure:3495: result: yes
configure:3498: checking for C compiler default output file name
configure:3500: result: a.out
configure:3506: checking for suffix of executables
configure:3513: gcc -o conftest    conftest.c  >&5
configure:3517: $? = 0
configure:3539: result: 
configure:3561: checking whether we are cross compiling
configure:3569: gcc -o conftest    conftest.c  >&5
configure:3573: $? = 0
configure:3580: ./conftest
configure:3584: $? = 0
configure:3599: result: no
configure:3604: checking for suffix of object files
configure:3626: gcc -c   conftest.c >&5
configure:3630: $? = 0
configure:3651: result: o
configure:3655: checking whether we are using the GNU C compiler
configure:3674: gcc -c   conftest.c >&5
configure:3674: $? = 0
configure:3683: result: yes
configure:3692: checking whether gcc accepts -g
configure:3712: gcc -c -g  conftest.c >&5
configure:3712: $? = 0
configure:3753: result: yes
configure:3770: checking for gcc option to accept ISO C89
configure:3834: gcc  -c -g -O2  conftest.c >&5
configure:3834: $? = 0
configure:3847: result: none needed
configure:3867: checking for a sed that does not truncate output
configure:3931: result: /usr/local/bin/gsed
configure:3949: checking for grep that handles long lines and -e
configure:4007: result: /usr/bin/grep
configure:4012: checking for egrep
configure:4074: result: /usr/bin/grep -E
configure:4079: checking for fgrep
configure:4141: result: /usr/bin/grep -F
configure:4176: checking for ld used by gcc
configure:4243: result: /usr/llvm-gcc-4.2/libexec/gcc/i686-apple-darwin11/4.2.1/ld
configure:4250: checking if the linker (/usr/llvm-gcc-4.2/libexec/gcc/i686-apple-darwin11/4.2.1/ld) is GNU ld
configure:4265: result: no
configure:4277: checking for BSD- or MS-compatible name lister (nm)
configure:4326: result: /usr/bin/nm
configure:4456: checking the name lister (/usr/bin/nm) interface
configure:4463: gcc -c -g -O2  conftest.c >&5
configure:4466: /usr/bin/nm "conftest.o"
configure:4469: output
00000000000001a0 S _some_variable
configure:4476: result: BSD nm
configure:4479: checking whether ln -s works
configure:4483: result: yes
configure:4491: checking the maximum length of command line arguments
configure:4621: result: 196608
configure:4638: checking whether the shell understands some XSI constructs
configure:4648: result: yes
configure:4652: checking whether the shell understands "+="
configure:4658: result: yes
configure:4693: checking how to convert x86_64-apple-darwin11.4.2 file names to x86_64-apple-darwin11.4.2 format
configure:4733: result: func_convert_file_noop
configure:4740: checking how to convert x86_64-apple-darwin11.4.2 file names to toolchain format
configure:4760: result: func_convert_file_noop
configure:4767: checking for /usr/llvm-gcc-4.2/libexec/gcc/i686-apple-darwin11/4.2.1/ld option to reload object files
configure:4774: result: -r
configure:4848: checking for objdump
configure:4878: result: no
configure:4904: checking how to recognize dependent libraries
configure:5106: result: pass_all
configure:5191: checking for dlltool
configure:5221: result: no
configure:5248: checking how to associate runtime and link libraries
configure:5275: result: printf %s\n
configure:5336: checking for ar
configure:5352: found /usr/bin/ar
configure:5363: result: ar
configure:5400: checking for archiver @FILE support
configure:5417: gcc -c -g -O2  conftest.c >&5
configure:5417: $? = 0
configure:5420: ar cru libconftest.a @conftest.lst >&5
ar: @conftest.lst: No such file or directory
configure:5423: $? = 1
configure:5443: result: no
configure:5501: checking for strip
configure:5517: found /usr/bin/strip
configure:5528: result: strip
configure:5600: checking for ranlib
configure:5616: found /usr/bin/ranlib
configure:5627: result: ranlib
configure:5729: checking command to parse /usr/bin/nm output from gcc object
configure:5849: gcc -c -g -O2  conftest.c >&5
configure:5852: $? = 0
configure:5856: /usr/bin/nm conftest.o \| sed -n -e 's/^.*[ ]\([BCDEGRST][BCDEGRST]*\)[ ][ ]*\([_A-Za-z][_A-Za-z0-9]*\)$/\1 \2 \2/p' | sed '/ __gnu_lto/d' \> conftest.nm
configure:5859: $? = 0
cannot find nm_test_var in conftest.nm
configure:5849: gcc -c -g -O2  conftest.c >&5
configure:5852: $? = 0
configure:5856: /usr/bin/nm conftest.o \| sed -n -e 's/^.*[ ]\([BCDEGRST][BCDEGRST]*\)[ ][ ]*_\([_A-Za-z][_A-Za-z0-9]*\)$/\1 _\2 \2/p' | sed '/ __gnu_lto/d' \> conftest.nm
configure:5859: $? = 0
configure:5925: gcc -o conftest -g -O2   conftest.c conftstm.o >&5
configure:5928: $? = 0
configure:5966: result: ok
configure:6003: checking for sysroot
configure:6033: result: no
configure:6289: checking for mt
configure:6319: result: no
configure:6339: checking if : is a manifest tool
configure:6345: : '-?'
configure:6353: result: no
configure:6409: checking for dsymutil
configure:6425: found /usr/bin/dsymutil
configure:6436: result: dsymutil
configure:6501: checking for nmedit
configure:6517: found /usr/bin/nmedit
configure:6528: result: nmedit
configure:6593: checking for lipo
configure:6609: found /usr/bin/lipo
configure:6620: result: lipo
configure:6685: checking for otool
configure:6701: found /usr/bin/otool
configure:6712: result: otool
configure:6777: checking for otool64
configure:6807: result: no
configure:6852: checking for -single_module linker flag
gcc -g -O2  -o libconftest.dylib -dynamiclib -Wl,-single_module conftest.c
configure:6885: result: yes
configure:6888: checking for -exported_symbols_list linker flag
configure:6908: gcc -o conftest -g -O2   -Wl,-exported_symbols_list,conftest.sym conftest.c  >&5
configure:6908: $? = 0
configure:6918: result: yes
configure:6921: checking for -force_load linker flag
gcc -g -O2 -c -o conftest.o conftest.c
ar cru libconftest.a conftest.o
ranlib libconftest.a
gcc -g -O2  -o conftest conftest.c -Wl,-force_load,./libconftest.a
configure:6953: result: yes
configure:6995: checking how to run the C preprocessor
configure:7026: gcc -E  conftest.c
configure:7026: $? = 0
configure:7040: gcc -E  conftest.c
conftest.c:11:28: error: ac_nonexistent.h: No such file or directory
configure:7040: $? = 1
configure: failed program was:
| /* confdefs.h */
| #define PACKAGE_NAME "xuggle-ffmpeg"
| #define PACKAGE_TARNAME "xuggle-ffmpeg"
| #define PACKAGE_VERSION "5.5"
| #define PACKAGE_STRING "xuggle-ffmpeg 5.5"
| #define PACKAGE_BUGREPORT "info@xuggle.com"
| #define PACKAGE_URL ""
| #define PACKAGE "xuggle-ffmpeg"
| #define VERSION "5.5"
| /* end confdefs.h.  */
| #include <ac_nonexistent.h>
configure:7065: result: gcc -E
configure:7085: gcc -E  conftest.c
configure:7085: $? = 0
configure:7099: gcc -E  conftest.c
conftest.c:11:28: error: ac_nonexistent.h: No such file or directory
configure:7099: $? = 1
configure: failed program was:
| /* confdefs.h */
| #define PACKAGE_NAME "xuggle-ffmpeg"
| #define PACKAGE_TARNAME "xuggle-ffmpeg"
| #define PACKAGE_VERSION "5.5"
| #define PACKAGE_STRING "xuggle-ffmpeg 5.5"
| #define PACKAGE_BUGREPORT "info@xuggle.com"
| #define PACKAGE_URL ""
| #define PACKAGE "xuggle-ffmpeg"
| #define VERSION "5.5"
| /* end confdefs.h.  */
| #include <ac_nonexistent.h>
configure:7128: checking for ANSI C header files
configure:7148: gcc -c -g -O2  conftest.c >&5
configure:7148: $? = 0
configure:7221: gcc -o conftest -g -O2   conftest.c  >&5
configure:7221: $? = 0
configure:7221: ./conftest
configure:7221: $? = 0
configure:7232: result: yes
configure:7245: checking for sys/types.h
configure:7245: gcc -c -g -O2  conftest.c >&5
configure:7245: $? = 0
configure:7245: result: yes
configure:7245: checking for sys/stat.h
configure:7245: gcc -c -g -O2  conftest.c >&5
configure:7245: $? = 0
configure:7245: result: yes
configure:7245: checking for stdlib.h
configure:7245: gcc -c -g -O2  conftest.c >&5
configure:7245: $? = 0
configure:7245: result: yes
configure:7245: checking for string.h
configure:7245: gcc -c -g -O2  conftest.c >&5
configure:7245: $? = 0
configure:7245: result: yes
configure:7245: checking for memory.h
configure:7245: gcc -c -g -O2  conftest.c >&5
configure:7245: $? = 0
configure:7245: result: yes
configure:7245: checking for strings.h
configure:7245: gcc -c -g -O2  conftest.c >&5
configure:7245: $? = 0
configure:7245: result: yes
configure:7245: checking for inttypes.h
configure:7245: gcc -c -g -O2  conftest.c >&5
configure:7245: $? = 0
configure:7245: result: yes
configure:7245: checking for stdint.h
configure:7245: gcc -c -g -O2  conftest.c >&5
configure:7245: $? = 0
configure:7245: result: yes
configure:7245: checking for unistd.h
configure:7245: gcc -c -g -O2  conftest.c >&5
configure:7245: $? = 0
configure:7245: result: yes
configure:7259: checking for dlfcn.h
configure:7259: gcc -c -g -O2  conftest.c >&5
configure:7259: $? = 0
configure:7259: result: yes
configure:7761: checking for objdir
configure:7776: result: .libs
configure:8047: checking if gcc supports -fno-rtti -fno-exceptions
configure:8065: gcc -c -g -O2  -fno-rtti -fno-exceptions conftest.c >&5
cc1: warning: command line option "-fno-rtti" is valid for C++/ObjC++ but not for C
configure:8069: $? = 0
configure:8082: result: no
configure:8409: checking for gcc option to produce PIC
configure:8416: result: -fno-common -DPIC
configure:8424: checking if gcc PIC flag -fno-common -DPIC works
configure:8442: gcc -c -g -O2  -fno-common -DPIC -DPIC conftest.c >&5
configure:8446: $? = 0
configure:8459: result: yes
configure:8488: checking if gcc static flag -static works
configure:8516: result: no
configure:8531: checking if gcc supports -c -o file.o
configure:8552: gcc -c -g -O2  -o out/conftest2.o conftest.c >&5
configure:8556: $? = 0
configure:8578: result: yes
configure:8586: checking if gcc supports -c -o file.o
configure:8633: result: yes
configure:8666: checking whether the gcc linker (/usr/llvm-gcc-4.2/libexec/gcc/i686-apple-darwin11/4.2.1/ld) supports shared libraries
configure:9819: result: yes
configure:10059: checking dynamic linker characteristics
configure:10792: result: darwin11.4.2 dyld
configure:10899: checking how to hardcode library paths into programs
configure:10924: result: immediate
configure:11464: checking whether stripping libraries is possible
configure:11478: result: yes
configure:11504: checking if libtool supports shared libraries
configure:11506: result: yes
configure:11509: checking whether to build shared libraries
configure:11530: result: yes
configure:11533: checking whether to build static libraries
configure:11537: result: no
configure:11665: checking for gcc
configure:11692: result: gcc
configure:11921: checking for C compiler version
configure:11930: gcc --version >&5
i686-apple-darwin11-llvm-gcc-4.2 (GCC) 4.2.1 (Based on Apple Inc. build 5658) (LLVM build 2336.11.00)
Copyright (C) 2007 Free Software Foundation, Inc.
This is free software; see the source for copying conditions.  There is NO
warranty; not even for MERCHANTABILITY or FITNESS FOR A PARTICULAR PURPOSE.

configure:11941: $? = 0
configure:11930: gcc -v >&5
Using built-in specs.
Target: i686-apple-darwin11
Configured with: /private/var/tmp/llvmgcc42/llvmgcc42-2336.11~67/src/configure --disable-checking --enable-werror --prefix=/Applications/Xcode.app/Contents/Developer/usr/llvm-gcc-4.2 --mandir=/share/man --enable-languages=c,objc,c++,obj-c++ --program-prefix=llvm- --program-transform-name=/^[cg][^.-]*$/s/$/-4.2/ --with-slibdir=/usr/lib --build=i686-apple-darwin11 --enable-llvm=/private/var/tmp/llvmgcc42/llvmgcc42-2336.11~67/dst-llvmCore/Developer/usr/local --program-prefix=i686-apple-darwin11- --host=x86_64-apple-darwin11 --target=i686-apple-darwin11 --with-gxx-include-dir=/usr/include/c++/4.2.1
Thread model: posix
gcc version 4.2.1 (Based on Apple Inc. build 5658) (LLVM build 2336.11.00)
configure:11941: $? = 0
configure:11930: gcc -V >&5
llvm-gcc-4.2: argument to `-V' is missing
configure:11941: $? = 1
configure:11930: gcc -qversion >&5
i686-apple-darwin11-llvm-gcc-4.2: no input files
configure:11941: $? = 1
configure:11945: checking whether we are using the GNU C compiler
configure:11973: result: yes
configure:11982: checking whether gcc accepts -g
configure:12043: result: yes
configure:12060: checking for gcc option to accept ISO C89
configure:12137: result: none needed
configure:12215: checking for g++
configure:12231: found /usr/bin/g++
configure:12242: result: g++
configure:12269: checking for C++ compiler version
configure:12278: g++ --version >&5
i686-apple-darwin11-llvm-g++-4.2 (GCC) 4.2.1 (Based on Apple Inc. build 5658) (LLVM build 2336.11.00)
Copyright (C) 2007 Free Software Foundation, Inc.
This is free software; see the source for copying conditions.  There is NO
warranty; not even for MERCHANTABILITY or FITNESS FOR A PARTICULAR PURPOSE.

configure:12289: $? = 0
configure:12278: g++ -v >&5
Using built-in specs.
Target: i686-apple-darwin11
Configured with: /private/var/tmp/llvmgcc42/llvmgcc42-2336.11~67/src/configure --disable-checking --enable-werror --prefix=/Applications/Xcode.app/Contents/Developer/usr/llvm-gcc-4.2 --mandir=/share/man --enable-languages=c,objc,c++,obj-c++ --program-prefix=llvm- --program-transform-name=/^[cg][^.-]*$/s/$/-4.2/ --with-slibdir=/usr/lib --build=i686-apple-darwin11 --enable-llvm=/private/var/tmp/llvmgcc42/llvmgcc42-2336.11~67/dst-llvmCore/Developer/usr/local --program-prefix=i686-apple-darwin11- --host=x86_64-apple-darwin11 --target=i686-apple-darwin11 --with-gxx-include-dir=/usr/include/c++/4.2.1
Thread model: posix
gcc version 4.2.1 (Based on Apple Inc. build 5658) (LLVM build 2336.11.00)
configure:12289: $? = 0
configure:12278: g++ -V >&5
llvm-g++-4.2: argument to `-V' is missing
configure:12289: $? = 1
configure:12278: g++ -qversion >&5
i686-apple-darwin11-llvm-g++-4.2: no input files
configure:12289: $? = 1
configure:12293: checking whether we are using the GNU C++ compiler
configure:12312: g++ -c -arch x86_64   conftest.cpp >&5
configure:12312: $? = 0
configure:12321: result: yes
configure:12330: checking whether g++ accepts -g
configure:12350: g++ -c -g  conftest.cpp >&5
configure:12350: $? = 0
configure:12391: result: yes
configure:12432: checking how to run the C++ preprocessor
configure:12459: g++ -E  conftest.cpp
configure:12459: $? = 0
configure:12473: g++ -E  conftest.cpp
conftest.cpp:23:28: error: ac_nonexistent.h: No such file or directory
configure:12473: $? = 1
configure: failed program was:
| /* confdefs.h */
| #define PACKAGE_NAME "xuggle-ffmpeg"
| #define PACKAGE_TARNAME "xuggle-ffmpeg"
| #define PACKAGE_VERSION "5.5"
| #define PACKAGE_STRING "xuggle-ffmpeg 5.5"
| #define PACKAGE_BUGREPORT "info@xuggle.com"
| #define PACKAGE_URL ""
| #define PACKAGE "xuggle-ffmpeg"
| #define VERSION "5.5"
| #define STDC_HEADERS 1
| #define HAVE_SYS_TYPES_H 1
| #define HAVE_SYS_STAT_H 1
| #define HAVE_STDLIB_H 1
| #define HAVE_STRING_H 1
| #define HAVE_MEMORY_H 1
| #define HAVE_STRINGS_H 1
| #define HAVE_INTTYPES_H 1
| #define HAVE_STDINT_H 1
| #define HAVE_UNISTD_H 1
| #define HAVE_DLFCN_H 1
| #define LT_OBJDIR ".libs/"
| /* end confdefs.h.  */
| #include <ac_nonexistent.h>
configure:12498: result: g++ -E
configure:12518: g++ -E  conftest.cpp
configure:12518: $? = 0
configure:12532: g++ -E  conftest.cpp
conftest.cpp:23:28: error: ac_nonexistent.h: No such file or directory
configure:12532: $? = 1
configure: failed program was:
| /* confdefs.h */
| #define PACKAGE_NAME "xuggle-ffmpeg"
| #define PACKAGE_TARNAME "xuggle-ffmpeg"
| #define PACKAGE_VERSION "5.5"
| #define PACKAGE_STRING "xuggle-ffmpeg 5.5"
| #define PACKAGE_BUGREPORT "info@xuggle.com"
| #define PACKAGE_URL ""
| #define PACKAGE "xuggle-ffmpeg"
| #define VERSION "5.5"
| #define STDC_HEADERS 1
| #define HAVE_SYS_TYPES_H 1
| #define HAVE_SYS_STAT_H 1
| #define HAVE_STDLIB_H 1
| #define HAVE_STRING_H 1
| #define HAVE_MEMORY_H 1
| #define HAVE_STRINGS_H 1
| #define HAVE_INTTYPES_H 1
| #define HAVE_STDINT_H 1
| #define HAVE_UNISTD_H 1
| #define HAVE_DLFCN_H 1
| #define LT_OBJDIR ".libs/"
| /* end confdefs.h.  */
| #include <ac_nonexistent.h>
configure:12701: checking for ld used by g++
configure:12768: result: /usr/llvm-gcc-4.2/libexec/gcc/i686-apple-darwin11/4.2.1/ld
configure:12775: checking if the linker (/usr/llvm-gcc-4.2/libexec/gcc/i686-apple-darwin11/4.2.1/ld) is GNU ld
configure:12790: result: no
configure:12845: checking whether the g++ linker (/usr/llvm-gcc-4.2/libexec/gcc/i686-apple-darwin11/4.2.1/ld) supports shared libraries
configure:13850: result: yes
configure:13886: g++ -c -arch x86_64   conftest.cpp >&5
configure:13889: $? = 0
configure:14409: checking for g++ option to produce PIC
configure:14416: result: -fno-common -DPIC
configure:14424: checking if g++ PIC flag -fno-common -DPIC works
configure:14442: g++ -c -arch x86_64   -fno-common -DPIC -DPIC conftest.cpp >&5
configure:14446: $? = 0
configure:14459: result: yes
configure:14482: checking if g++ static flag -static works
configure:14510: result: no
configure:14522: checking if g++ supports -c -o file.o
configure:14543: g++ -c -arch x86_64   -o out/conftest2.o conftest.cpp >&5
configure:14547: $? = 0
configure:14569: result: yes
configure:14574: checking if g++ supports -c -o file.o
configure:14621: result: yes
configure:14651: checking whether the g++ linker (/usr/llvm-gcc-4.2/libexec/gcc/i686-apple-darwin11/4.2.1/ld) supports shared libraries
configure:14687: result: yes
configure:14828: checking dynamic linker characteristics
configure:15495: result: darwin11.4.2 dyld
configure:15548: checking how to hardcode library paths into programs
configure:15573: result: immediate
configure:15622: checking for cross-compiling
configure:15640: result: no
configure:15677: checking whether to enable compiler optimizations
configure:15679: result: yes
configure:15722: checking whether we smell bunny poop
configure:15724: result: no
configure:15731: checking for yasm
configure:15764: result: no
configure:15788: checking whether to compile FFmpeg with GPL V3 code
configure:15798: result: yes
configure:15801: WARNING: Compiling the GNU General Public License version of FFmpeg
configure:16023: creating ./config.status

## ---------------------- ##
## Running config.status. ##
## ---------------------- ##

This file was extended by xuggle-ffmpeg config.status 5.5, which was
generated by GNU Autoconf 2.68.  Invocation command line was

  CONFIG_FILES    = 
  CONFIG_HEADERS  = 
  CONFIG_LINKS    = 
  CONFIG_COMMANDS = 
  $ ./config.status 

on Sivaramakrishns-iMac.local

config.status:1135: creating Makefile
config.status:1135: creating Makefile.global
config.status:1135: creating zlib/Makefile
config.status:1135: creating zlib/incarcerate
config.status:1243: WARNING:  'zlib/incarcerate.in' seems to ignore the --datarootdir setting
config.status:1135: creating zlib/install.sh
config.status:1135: creating zlib/uninstall.sh
config.status:1135: creating openssl/Makefile
config.status:1135: creating openssl/incarcerate
config.status:1135: creating openssl/install.sh
config.status:1135: creating openssl/uninstall.sh
config.status:1135: creating libvpx/Makefile
config.status:1135: creating libvpx/incarcerate
config.status:1135: creating libvpx/install.sh
config.status:1135: creating libvpx/uninstall.sh
config.status:1135: creating librtmp/Makefile
config.status:1135: creating librtmp/incarcerate
config.status:1135: creating librtmp/install.sh
config.status:1135: creating librtmp/uninstall.sh
config.status:1135: creating libvo-aacenc/Makefile
config.status:1135: creating libvo-aacenc/incarcerate
config.status:1135: creating libopencore-amr/Makefile
config.status:1135: creating libopencore-amr/incarcerate
config.status:1135: creating libogg/Makefile
config.status:1135: creating libogg/incarcerate
config.status:1135: creating libvorbis/Makefile
config.status:1135: creating libvorbis/incarcerate
config.status:1135: creating libtheora/Makefile
config.status:1135: creating libtheora/incarcerate
config.status:1135: creating libspeex/Makefile
config.status:1135: creating libspeex/incarcerate
config.status:1135: creating libx264/Makefile
config.status:1135: creating libx264/incarcerate
config.status:1135: creating libmp3lame/Makefile
config.status:1135: creating libmp3lame/incarcerate
config.status:1135: creating libtiff/Makefile
config.status:1135: creating libtiff/incarcerate
config.status:1135: creating spandsp/Makefile
config.status:1135: creating spandsp/incarcerate
config.status:1135: creating liboil/Makefile
config.status:1135: creating liboil/incarcerate
config.status:1135: creating ffmpeg/Makefile
config.status:1135: creating ffmpeg/incarcerate
config.status:1135: creating ffmpeg/install.sh
config.status:1135: creating ffmpeg/uninstall.sh
config.status:1307: executing libtool commands

## ---------------- ##
## Cache variables. ##
## ---------------- ##

ac_cv_build=x86_64-apple-darwin11.4.2
ac_cv_c_compiler_gnu=yes
ac_cv_cxx_compiler_gnu=yes
ac_cv_env_CCASFLAGS_set=
ac_cv_env_CCASFLAGS_value=
ac_cv_env_CCAS_set=
ac_cv_env_CCAS_value=
ac_cv_env_CCC_set=
ac_cv_env_CCC_value=
ac_cv_env_CC_set=
ac_cv_env_CC_value=
ac_cv_env_CFLAGS_set=
ac_cv_env_CFLAGS_value=
ac_cv_env_CPPFLAGS_set=
ac_cv_env_CPPFLAGS_value=
ac_cv_env_CPP_set=
ac_cv_env_CPP_value=
ac_cv_env_CXXCPP_set=
ac_cv_env_CXXCPP_value=
ac_cv_env_CXXFLAGS_set=
ac_cv_env_CXXFLAGS_value=
ac_cv_env_CXX_set=
ac_cv_env_CXX_value=
ac_cv_env_LDFLAGS_set=
ac_cv_env_LDFLAGS_value=
ac_cv_env_LIBS_set=
ac_cv_env_LIBS_value=
ac_cv_env_YASM_set=
ac_cv_env_YASM_value=
ac_cv_env_build_alias_set=
ac_cv_env_build_alias_value=
ac_cv_env_host_alias_set=
ac_cv_env_host_alias_value=
ac_cv_env_target_alias_set=
ac_cv_env_target_alias_value=
ac_cv_header_dlfcn_h=yes
ac_cv_header_inttypes_h=yes
ac_cv_header_memory_h=yes
ac_cv_header_stdc=yes
ac_cv_header_stdint_h=yes
ac_cv_header_stdlib_h=yes
ac_cv_header_string_h=yes
ac_cv_header_strings_h=yes
ac_cv_header_sys_stat_h=yes
ac_cv_header_sys_types_h=yes
ac_cv_header_unistd_h=yes
ac_cv_host=x86_64-apple-darwin11.4.2
ac_cv_objext=o
ac_cv_path_EGREP='/usr/bin/grep -E'
ac_cv_path_FGREP='/usr/bin/grep -F'
ac_cv_path_GREP=/usr/bin/grep
ac_cv_path_SED=/usr/local/bin/gsed
ac_cv_path_install='/usr/bin/install -c'
ac_cv_prog_AWK=awk
ac_cv_prog_CPP='gcc -E'
ac_cv_prog_CXXCPP='g++ -E'
ac_cv_prog_ac_ct_AR=ar
ac_cv_prog_ac_ct_CC=gcc
ac_cv_prog_ac_ct_CXX=g++
ac_cv_prog_ac_ct_DSYMUTIL=dsymutil
ac_cv_prog_ac_ct_LIPO=lipo
ac_cv_prog_ac_ct_NMEDIT=nmedit
ac_cv_prog_ac_ct_OTOOL=otool
ac_cv_prog_ac_ct_RANLIB=ranlib
ac_cv_prog_ac_ct_STRIP=strip
ac_cv_prog_cc_c89=
ac_cv_prog_cc_g=yes
ac_cv_prog_cxx_g=yes
ac_cv_prog_make_make_set=yes
am_cv_make_support_nested_variables=yes
am_cv_prog_tar_pax=gnutar
lt_cv_apple_cc_single_mod=yes
lt_cv_ar_at_file=no
lt_cv_deplibs_check_method=pass_all
lt_cv_file_magic_cmd='$MAGIC_CMD'
lt_cv_file_magic_test_file=
lt_cv_ld_exported_symbols_list=yes
lt_cv_ld_force_load=yes
lt_cv_ld_reload_flag=-r
lt_cv_nm_interface='BSD nm'
lt_cv_objdir=.libs
lt_cv_path_LD=/usr/llvm-gcc-4.2/libexec/gcc/i686-apple-darwin11/4.2.1/ld
lt_cv_path_LDCXX=/usr/llvm-gcc-4.2/libexec/gcc/i686-apple-darwin11/4.2.1/ld
lt_cv_path_NM=/usr/bin/nm
lt_cv_path_mainfest_tool=no
lt_cv_prog_compiler_c_o=yes
lt_cv_prog_compiler_c_o_CXX=yes
lt_cv_prog_compiler_pic='-fno-common -DPIC'
lt_cv_prog_compiler_pic_CXX='-fno-common -DPIC'
lt_cv_prog_compiler_pic_works=yes
lt_cv_prog_compiler_pic_works_CXX=yes
lt_cv_prog_compiler_rtti_exceptions=no
lt_cv_prog_compiler_static_works=no
lt_cv_prog_compiler_static_works_CXX=no
lt_cv_prog_gnu_ld=no
lt_cv_prog_gnu_ldcxx=no
lt_cv_sharedlib_from_linklib_cmd='printf %s\n'
lt_cv_sys_global_symbol_pipe='sed -n -e '\''s/^.*[	 ]\([BCDEGRST][BCDEGRST]*\)[	 ][	 ]*_\([_A-Za-z][_A-Za-z0-9]*\)$/\1 _\2 \2/p'\'' | sed '\''/ __gnu_lto/d'\'''
lt_cv_sys_global_symbol_to_c_name_address='sed -n -e '\''s/^: \([^ ]*\)[ ]*$/  {\"\1\", (void *) 0},/p'\'' -e '\''s/^[BCDEGRST]* \([^ ]*\) \([^ ]*\)$/  {"\2", (void *) \&\2},/p'\'''
lt_cv_sys_global_symbol_to_c_name_address_lib_prefix='sed -n -e '\''s/^: \([^ ]*\)[ ]*$/  {\"\1\", (void *) 0},/p'\'' -e '\''s/^[BCDEGRST]* \([^ ]*\) \(lib[^ ]*\)$/  {"\2", (void *) \&\2},/p'\'' -e '\''s/^[BCDEGRST]* \([^ ]*\) \([^ ]*\)$/  {"lib\2", (void *) \&\2},/p'\'''
lt_cv_sys_global_symbol_to_cdecl='sed -n -e '\''s/^T .* \(.*\)$/extern int \1();/p'\'' -e '\''s/^[BCDEGRST]* .* \(.*\)$/extern char \1;/p'\'''
lt_cv_sys_max_cmd_len=196608
lt_cv_to_host_file_cmd=func_convert_file_noop
lt_cv_to_tool_file_cmd=func_convert_file_noop

## ----------------- ##
## Output variables. ##
## ----------------- ##

ACLOCAL='${SHELL} /projects/workrepo/xuggle-xuggler/captive/missing --run aclocal-1.11'
AMTAR='$${TAR-tar}'
AM_BACKSLASH='\'
AM_DEFAULT_V='$(AM_DEFAULT_VERBOSITY)'
AM_DEFAULT_VERBOSITY='0'
AM_V='$(V)'
AR='ar'
AS='as'
ASFLAGS=''
AUTOCONF='${SHELL} /projects/workrepo/xuggle-xuggler/captive/missing --run autoconf'
AUTOHEADER='${SHELL} /projects/workrepo/xuggle-xuggler/captive/missing --run autoheader'
AUTOMAKE='${SHELL} /projects/workrepo/xuggle-xuggler/captive/missing --run automake-1.11'
AWK='awk'
CC='gcc'
CCAS='gcc'
CCASFLAGS='-arch x86_64 -g -O2'
CFLAGS='-arch x86_64 -g -O2'
CPP='gcc -E'
CPPFLAGS=''
CXX='g++'
CXXCPP='g++ -E'
CXXFLAGS='-arch x86_64 '
CYGPATH_W='echo'
DEFS='-DPACKAGE_NAME=\"xuggle-ffmpeg\" -DPACKAGE_TARNAME=\"xuggle-ffmpeg\" -DPACKAGE_VERSION=\"5.5\" -DPACKAGE_STRING=\"xuggle-ffmpeg\ 5.5\" -DPACKAGE_BUGREPORT=\"info@xuggle.com\" -DPACKAGE_URL=\"\" -DPACKAGE=\"xuggle-ffmpeg\" -DVERSION=\"5.5\" -DSTDC_HEADERS=1 -DHAVE_SYS_TYPES_H=1 -DHAVE_SYS_STAT_H=1 -DHAVE_STDLIB_H=1 -DHAVE_STRING_H=1 -DHAVE_MEMORY_H=1 -DHAVE_STRINGS_H=1 -DHAVE_INTTYPES_H=1 -DHAVE_STDINT_H=1 -DHAVE_UNISTD_H=1 -DHAVE_DLFCN_H=1 -DLT_OBJDIR=\".libs/\" -DVS_LIB_MAJOR_VERSION=5 -DVS_LIB_MINOR_VERSION=5 -DVS_ENABLE_GPL=1'
DLLTOOL='false'
DSYMUTIL='dsymutil'
DUMPBIN=''
ECHO_C='\c'
ECHO_N=''
ECHO_T=''
EGREP='/usr/bin/grep -E'
EXEEXT=''
FGREP='/usr/bin/grep -F'
GREP='/usr/bin/grep'
HAVE_YASM_FALSE=''
HAVE_YASM_TRUE='#'
HOST_CPU='x86_64'
HOST_OS='x86_64-apple-darwin11.4.2'
HOST_OS_C='darwin11.4.2'
HOST_SO_LIBPATH=''
HOST_TYPE='Mac'
HOST_VENDOR='apple'
INSTALL_DATA='${INSTALL} -m 644'
INSTALL_PROGRAM='${INSTALL}'
INSTALL_SCRIPT='${INSTALL}'
INSTALL_STRIP_PROGRAM='$(install_sh) -c -s'
LD='/usr/llvm-gcc-4.2/libexec/gcc/i686-apple-darwin11/4.2.1/ld'
LDFLAGS='-arch x86_64 '
LIBOBJS=''
LIBS=''
LIBTOOL='$(SHELL) $(top_builddir)/libtool'
LIBTOOL_DEPS='./ltmain.sh'
LIB_MAJOR_VERSION='5'
LIB_MINOR_VERSION='5'
LIPO='lipo'
LN_S='ln -s'
LTLIBOBJS=''
MAINT='#'
MAINTAINER_MODE_FALSE=''
MAINTAINER_MODE_TRUE='#'
MAKEINFO='${SHELL} /projects/workrepo/xuggle-xuggler/captive/missing --run makeinfo'
MANIFEST_TOOL=':'
MKDIR_P='./install-sh -c -d'
NM='/usr/bin/nm'
NMEDIT='nmedit'
OBJDUMP='false'
OBJEXT='o'
OTOOL64=':'
OTOOL='otool'
PACKAGE='xuggle-ffmpeg'
PACKAGE_BUGREPORT='info@xuggle.com'
PACKAGE_NAME='xuggle-ffmpeg'
PACKAGE_STRING='xuggle-ffmpeg 5.5'
PACKAGE_TARNAME='xuggle-ffmpeg'
PACKAGE_URL=''
PACKAGE_VERSION='5.5'
PATH_SEPARATOR=':'
RANLIB='ranlib'
SED='/usr/local/bin/gsed'
SET_MAKE=''
SHELL='/bin/sh'
STRIP='strip'
VERSION='5.5'
VS_CAPTIVE_ZLIB_FALSE=''
VS_CAPTIVE_ZLIB_TRUE='#'
VS_CROSS_COMPILE=''
VS_CROSS_COMPILE_FALSE=''
VS_CROSS_COMPILE_TRUE='#'
VS_CROSS_PREFIX=''
VS_DEBUG=''
VS_DEBUG_FALSE=''
VS_DEBUG_TRUE='#'
VS_ENABLE_GPL='yes'
VS_ENABLE_GPL_FALSE='#'
VS_ENABLE_GPL_TRUE=''
YASM=''
ac_ct_AR='ar'
ac_ct_CC='gcc'
ac_ct_CXX='g++'
ac_ct_DUMPBIN=''
am__EXEEXT_FALSE=''
am__EXEEXT_TRUE='#'
am__isrc=''
am__leading_dot='.'
am__tar='tar --format=posix -chf - "$$tardir"'
am__untar='tar -xf -'
bindir='${exec_prefix}/bin'
build='x86_64-apple-darwin11.4.2'
build_alias=''
build_cpu='x86_64'
build_os='darwin11.4.2'
build_vendor='apple'
datadir='${datarootdir}'
datarootdir='${prefix}/share'
docdir='${datarootdir}/doc/${PACKAGE_TARNAME}'
dvidir='${docdir}'
exec_prefix='${prefix}'
host='x86_64-apple-darwin11.4.2'
host_alias=''
host_cpu='x86_64'
host_os='darwin11.4.2'
host_vendor='apple'
htmldir='${docdir}'
includedir='${prefix}/include'
infodir='${datarootdir}/info'
install_sh='${SHELL} /projects/workrepo/xuggle-xuggler/captive/install-sh'
libdir='${exec_prefix}/lib'
libexecdir='${exec_prefix}/libexec'
localedir='${datarootdir}/locale'
localstatedir='${prefix}/var'
mandir='${datarootdir}/man'
mkdir_p='$(top_builddir)/./install-sh -c -d'
oldincludedir='/usr/include'
pdfdir='${docdir}'
prefix='/usr/local'
program_transform_name='s,x,x,'
psdir='${docdir}'
sbindir='${exec_prefix}/sbin'
sharedstatedir='${prefix}/com'
sysconfdir='${prefix}/etc'
target_alias=''

## ----------- ##
## confdefs.h. ##
## ----------- ##

/* confdefs.h */
#define PACKAGE_NAME "xuggle-ffmpeg"
#define PACKAGE_TARNAME "xuggle-ffmpeg"
#define PACKAGE_VERSION "5.5"
#define PACKAGE_STRING "xuggle-ffmpeg 5.5"
#define PACKAGE_BUGREPORT "info@xuggle.com"
#define PACKAGE_URL ""
#define PACKAGE "xuggle-ffmpeg"
#define VERSION "5.5"
#define STDC_HEADERS 1
#define HAVE_SYS_TYPES_H 1
#define HAVE_SYS_STAT_H 1
#define HAVE_STDLIB_H 1
#define HAVE_STRING_H 1
#define HAVE_MEMORY_H 1
#define HAVE_STRINGS_H 1
#define HAVE_INTTYPES_H 1
#define HAVE_STDINT_H 1
#define HAVE_UNISTD_H 1
#define HAVE_DLFCN_H 1
#define LT_OBJDIR ".libs/"
#define VS_LIB_MAJOR_VERSION 5
#define VS_LIB_MINOR_VERSION 5
#define VS_ENABLE_GPL 1

configure: exit 0
