#
# A fatal error has been detected by the Java Runtime Environment:
#
#  SIGSEGV (0xb) at pc=0x000000010f362a9b, pid=652, tid=4371660800
#
# JRE version: 7.0_05-b06
# Java VM: Java HotSpot(TM) 64-Bit Server VM (23.1-b03 mixed mode bsd-amd64 compressed oops)
# Problematic frame:
# C  [libxuggle.dylib+0x932a9b]  avcodec_decode_audio4+0x7b
#
# Failed to write core dump. Core dumps have been disabled. To enable core dumping, try "ulimit -c unlimited" before starting Java again
#
# If you would like to submit a bug report, please visit:
#   http://bugreport.sun.com/bugreport/crash.jsp
# The crash happened outside the Java Virtual Machine in native code.
# See problematic frame for where to report the bug.
#

---------------  T H R E A D  ---------------

Current thread (0x00007fec7c800000):  JavaThread "main" [_thread_in_native, id=76693504, stack(0x0000000104824000,0x0000000104924000)]

siginfo:si_signo=SIGSEGV: si_errno=0, si_code=1 (SEGV_MAPERR), si_addr=0x0000000000000018

Registers:
RAX=0x0000000000000000, RBX=0x0000000000000000, RCX=0x00000001049225f0, RDX=0x0000000104922414
RSP=0x00000001049221b0, RBP=0x00000001049221f0, RSI=0x0000000104922418, RDI=0x00007fec7b880400
R8 =0x0000000000000000, R9 =0x0000000000000002, R10=0x00000001044bbef0, R11=0x0000000104922418
R12=0x0000000000000000, R13=0x00000007a774f9b8, R14=0x8000000000000000, R15=0x00007fec7c800000
RIP=0x000000010f362a9b, EFLAGS=0x0000000000010206, ERR=0x0000000000000004
  TRAPNO=0x000000000000000e

Top of Stack: (sp=0x00000001049221b0)
0x00000001049221b0:   0000000000000000 0000000104922418
0x00000001049221c0:   00000000049221f0 000000010f36022d
0x00000001049221d0:   00000001049225f0 0000000104922414
0x00000001049221e0:   0000000104922418 00007fec7b880400
0x00000001049221f0:   0000000104922750 000000010ea6c79b
0x0000000104922200:   8000000000000000 00000010ffffffff
0x0000000104922210:   00000001044a2940 0000000000000000
0x0000000104922220:   00007fff63764110 00007fff63764110
0x0000000104922230:   00000001049222a0 000000000000000e
0x0000000104922240:   ffffffffffffffff ffffffc0ffffffff
0x0000000104922250:   00000001044a2940 0000000000000000
0x0000000104922260:   00007fec7c800000 00007fec7b00dae1
0x0000000104922270:   0000000604922240 000000000000000e
0x0000000104922280:   ffffffffffffffff ffffffc0ffffffff
0x0000000104922290:   00000001044a2940 0000000000000000
0x00000001049222a0:   00007fec7c800000 00007fec7b00dae1
0x00000001049222b0:   0000000604922240 000000000000000e
0x00000001049222c0:   ffffffffffffffff ffffffd8ffffffff
0x00000001049222d0:   00000001049225f0 0000000000000000
0x00000001049222e0:   00007fec7b880400 00000001049225f0
0x00000001049222f0:   000000010e975020 00007fec7b9b5e00
0x0000000104922300:   0000000000000000 0000000104922658
0x0000000104922310:   00000001049223f0 000000010419ee88
0x0000000104922320:   00007fec7b200190 00000001049226c0
0x0000000104922330:   0000000104922380 0000000103e07313
0x0000000104922340:   0000000104922398 ffffffff00000000
0x0000000104922350:   0000001800000000 0000000000000000
0x0000000104922360:   0000000104922440 000000010419ee88
0x0000000104922370:   00007fec7b200190 00000001049226c0
0x0000000104922380:   0000bb8004922430 0000000100000001
0x0000000104922390:   000000010ea3770c 0000000000000000
0x00000001049223a0:   0000000000000000 00000001044a2940 

Instructions: (pc=0x000000010f362a9b)
0x000000010f362a7b:   75 d3 89 ce 8a 45 d3 e8 69 f6 3b 00 c7 45 d8 ea
0x000000010f362a8b:   ff ff ff e9 ed 00 00 00 48 8b 45 f8 48 8b 40 10
0x000000010f362a9b:   8b 40 18 83 e0 20 83 f8 00 75 10 48 8b 45 e0 8b
0x000000010f362aab:   40 18 83 f8 00 0f 84 c4 00 00 00 48 8b 45 e0 48 

Register to memory mapping:

RAX=0x0000000000000000 is an unknown value
RBX=0x0000000000000000 is an unknown value
RCX=0x00000001049225f0 is pointing into the stack for thread: 0x00007fec7c800000
RDX=0x0000000104922414 is pointing into the stack for thread: 0x00007fec7c800000
RSP=0x00000001049221b0 is pointing into the stack for thread: 0x00007fec7c800000
RBP=0x00000001049221f0 is pointing into the stack for thread: 0x00007fec7c800000
RSI=0x0000000104922418 is pointing into the stack for thread: 0x00007fec7c800000
RDI=0x00007fec7b880400 is an unknown value
R8 =0x0000000000000000 is an unknown value
R9 =0x0000000000000002 is an unknown value
R10=0x00000001044bbef0: _ZN19TemplateInterpreter13_active_tableE+0x1800 in /Library/Java/JavaVirtualMachines/1.7.0.jdk/Contents/Home/jre/lib/server/libjvm.dylib at 0x0000000103d83000
R11=0x0000000104922418 is pointing into the stack for thread: 0x00007fec7c800000
R12=0x0000000000000000 is an unknown value
R13=0x00000007a774f9b8 is an oop
{method} 
 - klass: {other class}
R14=0x8000000000000000 is an unknown value
R15=0x00007fec7c800000 is a thread


Stack: [0x0000000104824000,0x0000000104924000],  sp=0x00000001049221b0,  free space=1016k
Native frames: (J=compiled Java code, j=interpreted, Vv=VM code, C=native code)
C  [libxuggle.dylib+0x932a9b]  avcodec_decode_audio4+0x7b
C  [libxuggle.dylib+0x3c79b]  _ZN3com6xuggle7xuggler11StreamCoder11decodeAudioEPNS1_13IAudioSamplesEPNS1_7IPacketEi+0x837
C  [libxuggle.dylib+0x8f152]  Java_com_xuggle_xuggler_XugglerJNI_IStreamCoder_1decodeAudio+0x112
j  com.xuggle.xuggler.XugglerJNI.IStreamCoder_decodeAudio(JLcom/xuggle/xuggler/IStreamCoder;JLcom/xuggle/xuggler/IAudioSamples;JLcom/xuggle/xuggler/IPacket;I)I+0
j  com.xuggle.xuggler.IStreamCoder.decodeAudio(Lcom/xuggle/xuggler/IAudioSamples;Lcom/xuggle/xuggler/IPacket;I)I+16
j  speechf.mprocess.AudioExtractor.saveAudio(Ljava/lang/String;)V+194
j  speechf.mprocess.AudioExtractorTest.testSaveAudio()V+13
v  ~StubRoutines::call_stub
V  [libjvm.dylib+0x286ccb]
V  [libjvm.dylib+0x286a98]
V  [libjvm.dylib+0x3f3b26]
V  [libjvm.dylib+0x3f3f7e]
V  [libjvm.dylib+0x2baeb3]
j  sun.reflect.NativeMethodAccessorImpl.invoke0(Ljava/lang/reflect/Method;Ljava/lang/Object;[Ljava/lang/Object;)Ljava/lang/Object;+0
j  sun.reflect.NativeMethodAccessorImpl.invoke(Ljava/lang/Object;[Ljava/lang/Object;)Ljava/lang/Object;+87
j  sun.reflect.DelegatingMethodAccessorImpl.invoke(Ljava/lang/Object;[Ljava/lang/Object;)Ljava/lang/Object;+6
j  java.lang.reflect.Method.invoke(Ljava/lang/Object;[Ljava/lang/Object;)Ljava/lang/Object;+57
j  org.junit.runners.model.FrameworkMethod$1.runReflectiveCall()Ljava/lang/Object;+15
j  org.junit.internal.runners.model.ReflectiveCallable.run()Ljava/lang/Object;+1
j  org.junit.runners.model.FrameworkMethod.invokeExplosively(Ljava/lang/Object;[Ljava/lang/Object;)Ljava/lang/Object;+10
j  org.junit.internal.runners.statements.InvokeMethod.evaluate()V+12
j  org.junit.runners.ParentRunner.runLeaf(Lorg/junit/runners/model/Statement;Lorg/junit/runner/Description;Lorg/junit/runner/notification/RunNotifier;)V+17
j  org.junit.runners.BlockJUnit4ClassRunner.runChild(Lorg/junit/runners/model/FrameworkMethod;Lorg/junit/runner/notification/RunNotifier;)V+32
j  org.junit.runners.BlockJUnit4ClassRunner.runChild(Ljava/lang/Object;Lorg/junit/runner/notification/RunNotifier;)V+6
j  org.junit.runners.ParentRunner$3.run()V+12
j  org.junit.runners.ParentRunner$1.schedule(Ljava/lang/Runnable;)V+1
j  org.junit.runners.ParentRunner.runChildren(Lorg/junit/runner/notification/RunNotifier;)V+40
j  org.junit.runners.ParentRunner.access$000(Lorg/junit/runners/ParentRunner;Lorg/junit/runner/notification/RunNotifier;)V+2
j  org.junit.runners.ParentRunner$2.evaluate()V+8
j  org.junit.runners.ParentRunner.run(Lorg/junit/runner/notification/RunNotifier;)V+20
j  org.eclipse.jdt.internal.junit4.runner.JUnit4TestReference.run(Lorg/eclipse/jdt/internal/junit/runner/TestExecution;)V+72
j  org.eclipse.jdt.internal.junit.runner.TestExecution.run([Lorg/eclipse/jdt/internal/junit/runner/ITestReference;)V+17
j  org.eclipse.jdt.internal.junit.runner.RemoteTestRunner.runTests([Ljava/lang/String;Ljava/lang/String;Lorg/eclipse/jdt/internal/junit/runner/TestExecution;)V+61
j  org.eclipse.jdt.internal.junit.runner.RemoteTestRunner.runTests(Lorg/eclipse/jdt/internal/junit/runner/TestExecution;)V+10
j  org.eclipse.jdt.internal.junit.runner.RemoteTestRunner.run()V+70
j  org.eclipse.jdt.internal.junit.runner.RemoteTestRunner.main([Ljava/lang/String;)V+14
v  ~StubRoutines::call_stub
V  [libjvm.dylib+0x286ccb]
V  [libjvm.dylib+0x286a98]
V  [libjvm.dylib+0x2a2080]
V  [libjvm.dylib+0x29b403]
C  [java+0x32e2]  JavaMain+0x9b1
C  [libsystem_c.dylib+0x4e8bf]  _pthread_start+0x14f
C  [libsystem_c.dylib+0x51b75]  thread_start+0xd

Java frames: (J=compiled Java code, j=interpreted, Vv=VM code)
j  com.xuggle.xuggler.XugglerJNI.IStreamCoder_decodeAudio(JLcom/xuggle/xuggler/IStreamCoder;JLcom/xuggle/xuggler/IAudioSamples;JLcom/xuggle/xuggler/IPacket;I)I+0
j  com.xuggle.xuggler.IStreamCoder.decodeAudio(Lcom/xuggle/xuggler/IAudioSamples;Lcom/xuggle/xuggler/IPacket;I)I+16
j  speechf.mprocess.AudioExtractor.saveAudio(Ljava/lang/String;)V+194
j  speechf.mprocess.AudioExtractorTest.testSaveAudio()V+13
v  ~StubRoutines::call_stub
j  sun.reflect.NativeMethodAccessorImpl.invoke0(Ljava/lang/reflect/Method;Ljava/lang/Object;[Ljava/lang/Object;)Ljava/lang/Object;+0
j  sun.reflect.NativeMethodAccessorImpl.invoke(Ljava/lang/Object;[Ljava/lang/Object;)Ljava/lang/Object;+87
j  sun.reflect.DelegatingMethodAccessorImpl.invoke(Ljava/lang/Object;[Ljava/lang/Object;)Ljava/lang/Object;+6
j  java.lang.reflect.Method.invoke(Ljava/lang/Object;[Ljava/lang/Object;)Ljava/lang/Object;+57
j  org.junit.runners.model.FrameworkMethod$1.runReflectiveCall()Ljava/lang/Object;+15
j  org.junit.internal.runners.model.ReflectiveCallable.run()Ljava/lang/Object;+1
j  org.junit.runners.model.FrameworkMethod.invokeExplosively(Ljava/lang/Object;[Ljava/lang/Object;)Ljava/lang/Object;+10
j  org.junit.internal.runners.statements.InvokeMethod.evaluate()V+12
j  org.junit.runners.ParentRunner.runLeaf(Lorg/junit/runners/model/Statement;Lorg/junit/runner/Description;Lorg/junit/runner/notification/RunNotifier;)V+17
j  org.junit.runners.BlockJUnit4ClassRunner.runChild(Lorg/junit/runners/model/FrameworkMethod;Lorg/junit/runner/notification/RunNotifier;)V+32
j  org.junit.runners.BlockJUnit4ClassRunner.runChild(Ljava/lang/Object;Lorg/junit/runner/notification/RunNotifier;)V+6
j  org.junit.runners.ParentRunner$3.run()V+12
j  org.junit.runners.ParentRunner$1.schedule(Ljava/lang/Runnable;)V+1
j  org.junit.runners.ParentRunner.runChildren(Lorg/junit/runner/notification/RunNotifier;)V+40
j  org.junit.runners.ParentRunner.access$000(Lorg/junit/runners/ParentRunner;Lorg/junit/runner/notification/RunNotifier;)V+2
j  org.junit.runners.ParentRunner$2.evaluate()V+8
j  org.junit.runners.ParentRunner.run(Lorg/junit/runner/notification/RunNotifier;)V+20
j  org.eclipse.jdt.internal.junit4.runner.JUnit4TestReference.run(Lorg/eclipse/jdt/internal/junit/runner/TestExecution;)V+72
j  org.eclipse.jdt.internal.junit.runner.TestExecution.run([Lorg/eclipse/jdt/internal/junit/runner/ITestReference;)V+17
j  org.eclipse.jdt.internal.junit.runner.RemoteTestRunner.runTests([Ljava/lang/String;Ljava/lang/String;Lorg/eclipse/jdt/internal/junit/runner/TestExecution;)V+61
j  org.eclipse.jdt.internal.junit.runner.RemoteTestRunner.runTests(Lorg/eclipse/jdt/internal/junit/runner/TestExecution;)V+10
j  org.eclipse.jdt.internal.junit.runner.RemoteTestRunner.run()V+70
j  org.eclipse.jdt.internal.junit.runner.RemoteTestRunner.main([Ljava/lang/String;)V+14
v  ~StubRoutines::call_stub

---------------  P R O C E S S  ---------------

Java Threads: ( => current thread )
  0x00007fec7a000800 JavaThread "ReaderThread" [_thread_in_native, id=244318208, stack(0x000000010e800000,0x000000010e900000)]
  0x00007fec7985b800 JavaThread "Service Thread" daemon [_thread_blocked, id=241139712, stack(0x000000010e4f8000,0x000000010e5f8000)]
  0x00007fec7985a800 JavaThread "C2 CompilerThread1" daemon [_thread_blocked, id=240078848, stack(0x000000010e3f5000,0x000000010e4f5000)]
  0x00007fec79859000 JavaThread "C2 CompilerThread0" daemon [_thread_blocked, id=239017984, stack(0x000000010e2f2000,0x000000010e3f2000)]
  0x00007fec79844000 JavaThread "Signal Dispatcher" daemon [_thread_blocked, id=237957120, stack(0x000000010e1ef000,0x000000010e2ef000)]
  0x00007fec7c003000 JavaThread "Finalizer" daemon [_thread_blocked, id=234778624, stack(0x000000010dee7000,0x000000010dfe7000)]
  0x00007fec7c002800 JavaThread "Reference Handler" daemon [_thread_blocked, id=233717760, stack(0x000000010dde4000,0x000000010dee4000)]
=>0x00007fec7c800000 JavaThread "main" [_thread_in_native, id=76693504, stack(0x0000000104824000,0x0000000104924000)]

Other Threads:
  0x00007fec7b847800 VMThread [stack: 0x000000010dce1000,0x000000010dde1000] [id=232656896]
  0x00007fec7983b800 WatcherThread [stack: 0x000000010e5fb000,0x000000010e6fb000] [id=242200576]

VM state:not at safepoint (normal execution)

VM Mutex/Monitor currently owned by a thread: None

Heap
 PSYoungGen      total 25024K, used 11470K [0x00000007e4160000, 0x00000007e5d40000, 0x0000000800000000)
  eden space 21504K, 53% used [0x00000007e4160000,0x00000007e4c93bd0,0x00000007e5660000)
  from space 3520K, 0% used [0x00000007e59d0000,0x00000007e59d0000,0x00000007e5d40000)
  to   space 3520K, 0% used [0x00000007e5660000,0x00000007e5660000,0x00000007e59d0000)
 ParOldGen       total 57152K, used 0K [0x00000007ac400000, 0x00000007afbd0000, 0x00000007e4160000)
  object space 57152K, 0% used [0x00000007ac400000,0x00000007ac400000,0x00000007afbd0000)
 PSPermGen       total 21248K, used 6983K [0x00000007a7200000, 0x00000007a86c0000, 0x00000007ac400000)
  object space 21248K, 32% used [0x00000007a7200000,0x00000007a78d1fb0,0x00000007a86c0000)

Code Cache  [0x0000000104926000, 0x0000000104b96000, 0x0000000107926000)
 total_blobs=328 nmethods=37 adapters=243 free_code_cache=48645Kb largest_free_block=49797056

Compilation events (10 events):
Event: 0.302 Thread 0x00007fec7985a800 nmethod 30 0x00000001049a09d0 code [0x00000001049a0c00, 0x00000001049a1850]
Event: 0.308 Thread 0x00007fec7985a800   34             java.util.HashMap::get (79 bytes)
Event: 0.309 Thread 0x00007fec79859000 nmethod 33 0x00000001049a2690 code [0x00000001049a2980, 0x00000001049a3750]
Event: 0.310 Thread 0x00007fec79859000   35             java.lang.StringBuilder::append (8 bytes)
Event: 0.310 Thread 0x00007fec7985a800 nmethod 34 0x000000010499d0d0 code [0x000000010499d220, 0x000000010499d3d8]
Event: 0.314 Thread 0x00007fec79859000 nmethod 35 0x000000010499ead0 code [0x000000010499ec40, 0x000000010499f038]
Event: 0.316 Thread 0x00007fec7985a800   36             java.lang.String::startsWith (7 bytes)
Event: 0.319 Thread 0x00007fec7985a800 nmethod 36 0x000000010499e690 code [0x000000010499e7e0, 0x000000010499e9b8]
Event: 0.348 Thread 0x00007fec79859000   37             java.lang.String::substring (83 bytes)
Event: 0.349 Thread 0x00007fec79859000 nmethod 37 0x00000001049a5750 code [0x00000001049a58a0, 0x00000001049a59f8]

GC Heap History (0 events):
No events

Deoptimization events (0 events):
No events

Internal exceptions (10 events):
Event: 0.342 Thread 0x00007fec7c800000 Threw 0x00000007e4c05b18 at /HUDSON/workspace/jdk7u5-2-build-macosx-amd64-product/jdk7u5/hotspot/src/share/vm/prims/jvm.cpp:1166
Event: 0.343 Thread 0x00007fec7c800000 Threw 0x00000007e4c0ead0 at /HUDSON/workspace/jdk7u5-2-build-macosx-amd64-product/jdk7u5/hotspot/src/share/vm/prims/jvm.cpp:1166
Event: 0.344 Thread 0x00007fec7c800000 Threw 0x00000007e4c1e888 at /HUDSON/workspace/jdk7u5-2-build-macosx-amd64-product/jdk7u5/hotspot/src/share/vm/prims/jvm.cpp:1166
Event: 0.345 Thread 0x00007fec7c800000 Threw 0x00000007e4c23748 at /HUDSON/workspace/jdk7u5-2-build-macosx-amd64-product/jdk7u5/hotspot/src/share/vm/prims/jvm.cpp:1166
Event: 0.346 Thread 0x00007fec7c800000 Threw 0x00000007e4c28900 at /HUDSON/workspace/jdk7u5-2-build-macosx-amd64-product/jdk7u5/hotspot/src/share/vm/prims/jvm.cpp:1166
Event: 0.347 Thread 0x00007fec7c800000 Threw 0x00000007e4c30b80 at /HUDSON/workspace/jdk7u5-2-build-macosx-amd64-product/jdk7u5/hotspot/src/share/vm/prims/jvm.cpp:1166
Event: 0.348 Thread 0x00007fec7c800000 Threw 0x00000007e4c39cb8 at /HUDSON/workspace/jdk7u5-2-build-macosx-amd64-product/jdk7u5/hotspot/src/share/vm/prims/jvm.cpp:1166
Event: 0.349 Thread 0x00007fec7c800000 Threw 0x00000007e4c3e388 at /HUDSON/workspace/jdk7u5-2-build-macosx-amd64-product/jdk7u5/hotspot/src/share/vm/prims/jvm.cpp:1166
Event: 0.351 Thread 0x00007fec7c800000 Threw 0x00000007e4c48c08 at /HUDSON/workspace/jdk7u5-2-build-macosx-amd64-product/jdk7u5/hotspot/src/share/vm/prims/jvm.cpp:1166
Event: 0.352 Thread 0x00007fec7c800000 Threw 0x00000007e4c51bf8 at /HUDSON/workspace/jdk7u5-2-build-macosx-amd64-product/jdk7u5/hotspot/src/share/vm/prims/jvm.cpp:1166

Events (10 events):
Event: 0.350 loading class 0x00007fec79572de0 done
Event: 0.350 loading class 0x00007fec79572920 done
Event: 0.350 loading class 0x00007fec7b03c800
Event: 0.350 loading class 0x00007fec79572e70
Event: 0.350 loading class 0x00007fec79572e70 done
Event: 0.350 loading class 0x00007fec7b03c800 done
Event: 0.351 loading class 0x00007fec79554570
Event: 0.351 loading class 0x00007fec79554570 done
Event: 0.352 loading class 0x00007fec7958ebf0
Event: 0.352 loading class 0x00007fec7958ebf0 done


Dynamic libraries:
0x000000000bf63000 	/System/Library/Frameworks/Cocoa.framework/Versions/A/Cocoa
0x000000000bf63000 	/System/Library/Frameworks/Security.framework/Versions/A/Security
0x000000000bf63000 	/System/Library/Frameworks/ApplicationServices.framework/Versions/A/ApplicationServices
0x000000000bf63000 	/usr/lib/libz.1.dylib
0x000000000bf63000 	/usr/lib/libSystem.B.dylib
0x000000000bf63000 	/usr/lib/libobjc.A.dylib
0x000000000bf63000 	/System/Library/Frameworks/CoreFoundation.framework/Versions/A/CoreFoundation
0x000000000bf63000 	/System/Library/Frameworks/AppKit.framework/Versions/C/AppKit
0x000000000bf63000 	/System/Library/Frameworks/CoreData.framework/Versions/A/CoreData
0x000000000bf63000 	/System/Library/Frameworks/Foundation.framework/Versions/C/Foundation
0x000000000bf63000 	/System/Library/PrivateFrameworks/RemoteViewServices.framework/Versions/A/RemoteViewServices
0x000000000bf63000 	/System/Library/Frameworks/AudioToolbox.framework/Versions/A/AudioToolbox
0x000000000bf63000 	/System/Library/Frameworks/AudioUnit.framework/Versions/A/AudioUnit
0x000000000bf63000 	/System/Library/PrivateFrameworks/DataDetectorsCore.framework/Versions/A/DataDetectorsCore
0x000000000bf63000 	/System/Library/PrivateFrameworks/DesktopServicesPriv.framework/Versions/A/DesktopServicesPriv
0x000000000bf63000 	/System/Library/Frameworks/Carbon.framework/Versions/A/Frameworks/HIToolbox.framework/Versions/A/HIToolbox
0x000000000bf63000 	/System/Library/Frameworks/QuartzCore.framework/Versions/A/QuartzCore
0x000000000bf63000 	/System/Library/Frameworks/Carbon.framework/Versions/A/Frameworks/SpeechRecognition.framework/Versions/A/SpeechRecognition
0x000000000bf63000 	/usr/lib/libauto.dylib
0x000000000bf63000 	/usr/lib/libicucore.A.dylib
0x000000000bf63000 	/usr/lib/libxml2.2.dylib
0x000000000bf63000 	/System/Library/PrivateFrameworks/CoreUI.framework/Versions/A/CoreUI
0x000000000bf63000 	/System/Library/Frameworks/CoreAudio.framework/Versions/A/CoreAudio
0x000000000bf63000 	/System/Library/Frameworks/DiskArbitration.framework/Versions/A/DiskArbitration
0x000000000bf63000 	/usr/lib/liblangid.dylib
0x000000000bf63000 	/System/Library/PrivateFrameworks/MultitouchSupport.framework/Versions/A/MultitouchSupport
0x000000000bf63000 	/System/Library/Frameworks/IOKit.framework/Versions/A/IOKit
0x000000000bf63000 	/usr/lib/libDiagnosticMessagesClient.dylib
0x000000000bf63000 	/System/Library/Frameworks/CoreServices.framework/Versions/A/CoreServices
0x000000000bf63000 	/System/Library/PrivateFrameworks/PerformanceAnalysis.framework/Versions/A/PerformanceAnalysis
0x000000000bf63000 	/System/Library/PrivateFrameworks/GenerationalStorage.framework/Versions/A/GenerationalStorage
0x000000000bf63000 	/System/Library/Frameworks/OpenGL.framework/Versions/A/OpenGL
0x000000000bf63000 	/System/Library/Frameworks/CoreServices.framework/Versions/A/Frameworks/CFNetwork.framework/Versions/A/CFNetwork
0x000000000bf63000 	/System/Library/Frameworks/SystemConfiguration.framework/Versions/A/SystemConfiguration
0x000000000bf63000 	/usr/lib/libCRFSuite.dylib
0x000000000bf63000 	/usr/lib/libc++.1.dylib
0x000000000bf63000 	/usr/lib/libstdc++.6.dylib
0x000000000bf63000 	/usr/lib/libc++abi.dylib
0x000000000bf63000 	/usr/lib/system/libcache.dylib
0x000000000bf63000 	/usr/lib/system/libcommonCrypto.dylib
0x000000000bf63000 	/usr/lib/system/libcompiler_rt.dylib
0x000000000bf63000 	/usr/lib/system/libcopyfile.dylib
0x000000000bf63000 	/usr/lib/system/libdispatch.dylib
0x000000000bf63000 	/usr/lib/system/libdnsinfo.dylib
0x000000000bf63000 	/usr/lib/system/libdyld.dylib
0x000000000bf63000 	/usr/lib/system/libkeymgr.dylib
0x000000000bf63000 	/usr/lib/system/liblaunch.dylib
0x000000000bf63000 	/usr/lib/system/libmacho.dylib
0x000000000bf63000 	/usr/lib/system/libmathCommon.A.dylib
0x000000000bf63000 	/usr/lib/system/libquarantine.dylib
0x000000000bf63000 	/usr/lib/system/libremovefile.dylib
0x000000000bf63000 	/usr/lib/system/libsystem_blocks.dylib
0x000000000bf63000 	/usr/lib/system/libsystem_c.dylib
0x000000000bf63000 	/usr/lib/system/libsystem_dnssd.dylib
0x000000000bf63000 	/usr/lib/system/libsystem_info.dylib
0x000000000bf63000 	/usr/lib/system/libsystem_kernel.dylib
0x000000000bf63000 	/usr/lib/system/libsystem_network.dylib
0x000000000bf63000 	/usr/lib/system/libsystem_notify.dylib
0x000000000bf63000 	/usr/lib/system/libsystem_sandbox.dylib
0x000000000bf63000 	/usr/lib/system/libunc.dylib
0x000000000bf63000 	/usr/lib/system/libunwind.dylib
0x000000000bf63000 	/usr/lib/system/libxpc.dylib
0x000000000bf63000 	/usr/lib/libbsm.0.dylib
0x000000000bf63000 	/usr/lib/libsqlite3.dylib
0x000000000bf63000 	/usr/lib/libOpenScriptingUtil.dylib
0x000000000bf63000 	/usr/lib/libpam.2.dylib
0x000000000bf63000 	/usr/lib/libxar-nossl.dylib
0x000000000bf63000 	/usr/lib/libbz2.1.0.dylib
0x000000000bf63000 	/System/Library/Frameworks/CoreServices.framework/Versions/A/Frameworks/CarbonCore.framework/Versions/A/CarbonCore
0x000000000bf63000 	/System/Library/Frameworks/CoreServices.framework/Versions/A/Frameworks/Metadata.framework/Versions/A/Metadata
0x000000000bf63000 	/System/Library/Frameworks/CoreServices.framework/Versions/A/Frameworks/OSServices.framework/Versions/A/OSServices
0x000000000bf63000 	/System/Library/Frameworks/CoreServices.framework/Versions/A/Frameworks/SearchKit.framework/Versions/A/SearchKit
0x000000000bf63000 	/System/Library/Frameworks/CoreServices.framework/Versions/A/Frameworks/AE.framework/Versions/A/AE
0x000000000bf63000 	/System/Library/Frameworks/CoreServices.framework/Versions/A/Frameworks/LaunchServices.framework/Versions/A/LaunchServices
0x000000000bf63000 	/System/Library/Frameworks/CoreServices.framework/Versions/A/Frameworks/DictionaryServices.framework/Versions/A/DictionaryServices
0x000000000bf63000 	/System/Library/Frameworks/NetFS.framework/Versions/A/NetFS
0x000000000bf63000 	/usr/lib/system/libkxld.dylib
0x000000000bf63000 	/System/Library/PrivateFrameworks/NetAuth.framework/Versions/A/NetAuth
0x000000000bf63000 	/usr/lib/libcrypto.0.9.8.dylib
0x000000000bf63000 	/System/Library/PrivateFrameworks/TrustEvaluationAgent.framework/Versions/A/TrustEvaluationAgent
0x000000000bf63000 	/System/Library/Frameworks/OpenDirectory.framework/Versions/A/Frameworks/CFOpenDirectory.framework/Versions/A/CFOpenDirectory
0x000000000bf63000 	/usr/lib/libxslt.1.dylib
0x000000000bf63000 	/System/Library/PrivateFrameworks/FamilyControls.framework/Versions/A/FamilyControls
0x000000000bf63000 	/System/Library/Frameworks/Carbon.framework/Versions/A/Frameworks/Ink.framework/Versions/A/Ink
0x000000000bf63000 	/System/Library/Frameworks/ApplicationServices.framework/Versions/A/Frameworks/CoreGraphics.framework/Versions/A/CoreGraphics
0x000000000bf63000 	/System/Library/Frameworks/ApplicationServices.framework/Versions/A/Frameworks/ImageIO.framework/Versions/A/ImageIO
0x000000000bf63000 	/System/Library/Frameworks/ApplicationServices.framework/Versions/A/Frameworks/CoreText.framework/Versions/A/CoreText
0x000000000bf63000 	/System/Library/Frameworks/ApplicationServices.framework/Versions/A/Frameworks/ATS.framework/Versions/A/ATS
0x000000000bf63000 	/System/Library/Frameworks/ApplicationServices.framework/Versions/A/Frameworks/ColorSync.framework/Versions/A/ColorSync
0x000000000bf63000 	/System/Library/Frameworks/ApplicationServices.framework/Versions/A/Frameworks/HIServices.framework/Versions/A/HIServices
0x000000000bf63000 	/System/Library/Frameworks/ApplicationServices.framework/Versions/A/Frameworks/LangAnalysis.framework/Versions/A/LangAnalysis
0x000000000bf63000 	/System/Library/Frameworks/ApplicationServices.framework/Versions/A/Frameworks/PrintCore.framework/Versions/A/PrintCore
0x000000000bf63000 	/System/Library/Frameworks/ApplicationServices.framework/Versions/A/Frameworks/QD.framework/Versions/A/QD
0x000000000bf63000 	/System/Library/Frameworks/ApplicationServices.framework/Versions/A/Frameworks/SpeechSynthesis.framework/Versions/A/SpeechSynthesis
0x000000000bf63000 	/System/Library/Frameworks/IOSurface.framework/Versions/A/IOSurface
0x000000000bf63000 	/System/Library/Frameworks/Accelerate.framework/Versions/A/Accelerate
0x000000000bf63000 	/System/Library/Frameworks/ApplicationServices.framework/Versions/A/Frameworks/ImageIO.framework/Versions/A/Resources/libJPEG.dylib
0x000000000bf63000 	/System/Library/Frameworks/ApplicationServices.framework/Versions/A/Frameworks/ImageIO.framework/Versions/A/Resources/libTIFF.dylib
0x000000000bf63000 	/System/Library/Frameworks/ApplicationServices.framework/Versions/A/Frameworks/ImageIO.framework/Versions/A/Resources/libPng.dylib
0x000000000bf63000 	/System/Library/Frameworks/ApplicationServices.framework/Versions/A/Frameworks/ImageIO.framework/Versions/A/Resources/libGIF.dylib
0x000000000bf63000 	/System/Library/Frameworks/ApplicationServices.framework/Versions/A/Frameworks/ImageIO.framework/Versions/A/Resources/libJP2.dylib
0x000000000bf63000 	/System/Library/Frameworks/ApplicationServices.framework/Versions/A/Frameworks/ImageIO.framework/Versions/A/Resources/libRadiance.dylib
0x000000000bf63000 	/System/Library/Frameworks/Accelerate.framework/Versions/A/Frameworks/vImage.framework/Versions/A/vImage
0x000000000bf63000 	/System/Library/Frameworks/Accelerate.framework/Versions/A/Frameworks/vecLib.framework/Versions/A/vecLib
0x000000000bf63000 	/System/Library/Frameworks/Accelerate.framework/Versions/A/Frameworks/vecLib.framework/Versions/A/libvDSP.dylib
0x000000000bf63000 	/System/Library/Frameworks/Accelerate.framework/Versions/A/Frameworks/vecLib.framework/Versions/A/libvMisc.dylib
0x000000000bf63000 	/System/Library/Frameworks/Accelerate.framework/Versions/A/Frameworks/vecLib.framework/Versions/A/libLAPACK.dylib
0x000000000bf63000 	/System/Library/Frameworks/Accelerate.framework/Versions/A/Frameworks/vecLib.framework/Versions/A/libBLAS.dylib
0x000000000bf63000 	/System/Library/Frameworks/ApplicationServices.framework/Versions/A/Frameworks/ATS.framework/Versions/A/Resources/libFontParser.dylib
0x000000000bf63000 	/System/Library/Frameworks/ApplicationServices.framework/Versions/A/Frameworks/ATS.framework/Versions/A/Resources/libFontRegistry.dylib
0x000000000bf63000 	/usr/lib/libcups.2.dylib
0x000000000bf63000 	/System/Library/Frameworks/Kerberos.framework/Versions/A/Kerberos
0x000000000bf63000 	/System/Library/Frameworks/GSS.framework/Versions/A/GSS
0x000000000bf63000 	/usr/lib/libresolv.9.dylib
0x000000000bf63000 	/usr/lib/libiconv.2.dylib
0x000000000bf63000 	/System/Library/PrivateFrameworks/Heimdal.framework/Versions/A/Heimdal
0x000000000bf63000 	/System/Library/Frameworks/OpenDirectory.framework/Versions/A/OpenDirectory
0x000000000bf63000 	/System/Library/PrivateFrameworks/CommonAuth.framework/Versions/A/CommonAuth
0x000000000bf63000 	/System/Library/Frameworks/CoreVideo.framework/Versions/A/CoreVideo
0x000000000bf63000 	/System/Library/Frameworks/QuartzCore.framework/Versions/A/Frameworks/CoreImage.framework/Versions/A/CoreImage
0x000000000bf63000 	/System/Library/Frameworks/QuartzCore.framework/Versions/A/Frameworks/ScalableUserInterface.framework/Versions/A/ScalableUserInterface
0x000000000bf63000 	/System/Library/Frameworks/OpenGL.framework/Versions/A/Libraries/libGLU.dylib
0x000000000bf63000 	/System/Library/Frameworks/OpenGL.framework/Versions/A/Libraries/libGFXShared.dylib
0x000000000bf63000 	/System/Library/Frameworks/OpenGL.framework/Versions/A/Libraries/libGL.dylib
0x000000000bf63000 	/System/Library/Frameworks/OpenGL.framework/Versions/A/Libraries/libGLImage.dylib
0x000000000bf63000 	/System/Library/Frameworks/OpenGL.framework/Versions/A/Libraries/libCVMSPluginSupport.dylib
0x000000000bf63000 	/System/Library/Frameworks/OpenGL.framework/Versions/A/Libraries/libCoreVMClient.dylib
0x000000000bf63000 	/System/Library/Frameworks/OpenCL.framework/Versions/A/OpenCL
0x000000000bf63000 	/System/Library/PrivateFrameworks/FaceCoreLight.framework/Versions/A/FaceCoreLight
0x000000000bf63000 	/System/Library/Frameworks/vecLib.framework/Versions/A/vecLib
0x000000000bf63000 	/System/Library/Frameworks/SecurityFoundation.framework/Versions/A/SecurityFoundation
0x000000000bf63000 	/System/Library/PrivateFrameworks/CommerceKit.framework/Versions/A/Frameworks/CommerceCore.framework/Versions/A/CommerceCore
0x000000000bf63000 	/System/Library/PrivateFrameworks/CoreSymbolication.framework/Versions/A/CoreSymbolication
0x000000000bf63000 	/System/Library/PrivateFrameworks/Symbolication.framework/Versions/A/Symbolication
0x000000000bf63000 	/System/Library/PrivateFrameworks/DebugSymbols.framework/Versions/A/DebugSymbols
0x0000000103d83000 	/Library/Java/JavaVirtualMachines/1.7.0.jdk/Contents/Home/jre/lib/server/libjvm.dylib
0x0000000103ba6000 	/Library/Java/JavaVirtualMachines/1.7.0.jdk/Contents/Home/jre/lib/libverify.dylib
0x0000000103bb3000 	/Library/Java/JavaVirtualMachines/1.7.0.jdk/Contents/Home/jre/lib/libjava.dylib
0x0000000103bed000 	/Library/Java/JavaVirtualMachines/1.7.0.jdk/Contents/Home/jre/lib/libzip.dylib
0x000000010dfe9000 	/System/Library/Frameworks/JavaVM.framework/Frameworks/JavaRuntimeSupport.framework/JavaRuntimeSupport
0x000000010e001000 	/System/Library/Frameworks/JavaVM.framework/Versions/A/Frameworks/JavaNativeFoundation.framework/Versions/A/JavaNativeFoundation
0x000000010e016000 	/System/Library/Frameworks/JavaVM.framework/Versions/A/JavaVM
0x000000000bf63000 	/System/Library/Frameworks/Carbon.framework/Versions/A/Carbon
0x000000010e023000 	/System/Library/PrivateFrameworks/JavaLaunching.framework/Versions/A/JavaLaunching
0x000000000bf63000 	/System/Library/Frameworks/Carbon.framework/Versions/A/Frameworks/CommonPanels.framework/Versions/A/CommonPanels
0x000000000bf63000 	/System/Library/Frameworks/Carbon.framework/Versions/A/Frameworks/Help.framework/Versions/A/Help
0x000000000bf63000 	/System/Library/Frameworks/Carbon.framework/Versions/A/Frameworks/ImageCapture.framework/Versions/A/ImageCapture
0x000000000bf63000 	/System/Library/Frameworks/Carbon.framework/Versions/A/Frameworks/OpenScripting.framework/Versions/A/OpenScripting
0x000000000bf63000 	/System/Library/Frameworks/Carbon.framework/Versions/A/Frameworks/Print.framework/Versions/A/Print
0x000000000bf63000 	/System/Library/Frameworks/Carbon.framework/Versions/A/Frameworks/SecurityHI.framework/Versions/A/SecurityHI
0x000000010e7a2000 	/Library/Java/JavaVirtualMachines/1.7.0.jdk/Contents/Home/jre/lib/libnet.dylib
0x000000010ea21000 	/Library/Java/JavaVirtualMachines/1.7.0.jdk/Contents/Home/jre/lib/libnio.dylib
0x000000010ea30000 	/projects/workrepo/xuggle-xuggler/native/com/xuggle/ferry/x86_64-xuggle-darwin11/libxuggle.dylib
0x0000000110588000 	/System/Library/Frameworks/VideoDecodeAcceleration.framework/Versions/A/VideoDecodeAcceleration
0x000000000bf63000 	/System/Library/Frameworks/CoreMedia.framework/Versions/A/CoreMedia
0x000000000bf63000 	/System/Library/PrivateFrameworks/VideoToolbox.framework/Versions/A/VideoToolbox
0x000000000bf63000 	/System/Library/PrivateFrameworks/AppleVA.framework/Versions/A/AppleVA

VM Arguments:
jvm_args: -Dfile.encoding=US-ASCII 
java_command: org.eclipse.jdt.internal.junit.runner.RemoteTestRunner -version 3 -port 52665 -testLoaderClass org.eclipse.jdt.internal.junit4.runner.JUnit4TestLoader -loaderpluginname org.eclipse.jdt.junit4.runtime -test speechf.mprocess.AudioExtractorTest:testSaveAudio
Launcher Type: SUN_STANDARD

Environment Variables:
PATH=/usr/bin:/bin:/usr/sbin:/sbin
SHELL=/bin/bash
DISPLAY=/tmp/launch-tmeFjT/org.x:0

Signal Handlers:
SIGSEGV: [libjvm.dylib+0x4a1961], sa_mask[0]=0xfffefeff, sa_flags=0x00000042
SIGBUS: [libjvm.dylib+0x4a1961], sa_mask[0]=0xfffefeff, sa_flags=0x00000042
SIGFPE: [libjvm.dylib+0x3b173d], sa_mask[0]=0xfffefeff, sa_flags=0x00000042
SIGPIPE: [libjvm.dylib+0x3b173d], sa_mask[0]=0xfffefeff, sa_flags=0x00000042
SIGXFSZ: [libjvm.dylib+0x3b173d], sa_mask[0]=0xfffefeff, sa_flags=0x00000042
SIGILL: [libjvm.dylib+0x3b173d], sa_mask[0]=0xfffefeff, sa_flags=0x00000042
SIGUSR1: SIG_DFL, sa_mask[0]=0x00000000, sa_flags=0x00000002
SIGUSR2: [libjvm.dylib+0x3b12ca], sa_mask[0]=0x00000004, sa_flags=0x00000042
SIGHUP: [libjvm.dylib+0x3af4ef], sa_mask[0]=0xfffefeff, sa_flags=0x00000042
SIGINT: [libjvm.dylib+0x3af4ef], sa_mask[0]=0xfffefeff, sa_flags=0x00000042
SIGTERM: [libjvm.dylib+0x3af4ef], sa_mask[0]=0xfffefeff, sa_flags=0x00000042
SIGQUIT: [libjvm.dylib+0x3af4ef], sa_mask[0]=0xfffefeff, sa_flags=0x00000042


---------------  S Y S T E M  ---------------

OS:Bsd
uname:Darwin 11.4.2 Darwin Kernel Version 11.4.2: Thu Aug 23 16:25:48 PDT 2012; root:xnu-1699.32.7~1/RELEASE_X86_64 x86_64
rlimit: STACK 8192k, CORE 0k, NPROC 709, NOFILE 10240
CPU:total 8 (4 cores per cpu, 2 threads per core) family 6 model 42 stepping 7, cmov, cx8, fxsr, mmx, sse, sse2, sse3, ssse3, sse4.1, sse4.2, popcnt, avx, ht, tsc, tscinvbit

Memory: 4k page, physical 5481072k(1370268k free)

/proc/meminfo:


vm_info: Java HotSpot(TM) 64-Bit Server VM (23.1-b03) for bsd-amd64 JRE (1.7.0_05-b06), built on Jun 27 2012 00:35:26 by "java_re" with gcc 4.2.1 (Based on Apple Inc. build 5658) (LLVM build 2336.1.00)

time: Sat Feb 16 08:58:45 2013
elapsed time: 0 seconds

