This file contains any messages produced by compilers while
running configure, to aid debugging if configure makes a mistake.

It was created by xuggler configure 5.5, which was
generated by GNU Autoconf 2.68.  Invocation command line was

  $ ./configure 

## --------- ##
## Platform. ##
## --------- ##

hostname = Sivaramakrishns-iMac.local
uname -m = x86_64
uname -r = 11.4.2
uname -s = Darwin
uname -v = Darwin Kernel Version 11.4.2: Thu Aug 23 16:25:48 PDT 2012; root:xnu-1699.32.7~1/RELEASE_X86_64

/usr/bin/uname -p = i386
/bin/uname -X     = unknown

/bin/arch              = unknown
/usr/bin/arch -k       = unknown
/usr/convex/getsysinfo = unknown
/usr/bin/hostinfo      = Mach kernel version:
	 Darwin Kernel Version 11.4.2: Thu Aug 23 16:25:48 PDT 2012; root:xnu-1699.32.7~1/RELEASE_X86_64
Kernel configured for up to 8 processors.
4 processors are physically available.
8 processors are logically available.
Processor type: i486 (Intel 80486)
Processors active: 0 1 2 3 4 5 6 7
Primary memory available: 8.00 gigabytes
Default processor set: 88 tasks, 485 threads, 8 processors
Load average: 2.88, Mach factor: 5.10
/bin/machine           = unknown
/usr/bin/oslevel       = unknown
/bin/universe          = unknown

PATH: /usr/bin
PATH: /bin
PATH: /usr/sbin
PATH: /sbin
PATH: /usr/local/bin
PATH: /usr/X11/bin
PATH: /usr/local/jad158g.mac.intel/


## ----------- ##
## Core tests. ##
## ----------- ##

configure:2778: checking for a BSD-compatible install
configure:2846: result: /usr/bin/install -c
configure:2857: checking whether build environment is sane
configure:2907: result: yes
configure:3048: checking for a thread-safe mkdir -p
configure:3087: result: ./install-sh -c -d
configure:3100: checking for gawk
configure:3130: result: no
configure:3100: checking for mawk
configure:3130: result: no
configure:3100: checking for nawk
configure:3130: result: no
configure:3100: checking for awk
configure:3116: found /usr/bin/awk
configure:3127: result: awk
configure:3138: checking whether make sets $(MAKE)
configure:3160: result: yes
configure:3235: checking how to create a pax tar archive
configure:3248: tar --version
bsdtar 2.8.3 - libarchive 2.8.3
configure:3251: $? = 0
configure:3291: tardir=conftest.dir && eval tar --format=posix -chf - "$tardir" >conftest.tar
configure:3294: $? = 0
configure:3298: tar -xf - <conftest.tar
configure:3301: $? = 0
configure:3314: result: gnutar
configure:3322: checking whether to enable maintainer-specific portions of Makefiles
configure:3331: result: no
configure:3355: checking whether make supports nested variables
configure:3372: result: yes
configure:3412: checking build system type
configure:3426: result: x86_64-apple-darwin11.4.2
configure:3446: checking host system type
configure:3459: result: x86_64-apple-darwin11.4.2
configure:3500: checking how to print strings
configure:3527: result: printf
configure:3596: checking for gcc
configure:3612: found /usr/bin/gcc
configure:3623: result: gcc
configure:3852: checking for C compiler version
configure:3861: gcc --version >&5
i686-apple-darwin11-llvm-gcc-4.2 (GCC) 4.2.1 (Based on Apple Inc. build 5658) (LLVM build 2336.11.00)
Copyright (C) 2007 Free Software Foundation, Inc.
This is free software; see the source for copying conditions.  There is NO
warranty; not even for MERCHANTABILITY or FITNESS FOR A PARTICULAR PURPOSE.

configure:3872: $? = 0
configure:3861: gcc -v >&5
Using built-in specs.
Target: i686-apple-darwin11
Configured with: /private/var/tmp/llvmgcc42/llvmgcc42-2336.11~67/src/configure --disable-checking --enable-werror --prefix=/Applications/Xcode.app/Contents/Developer/usr/llvm-gcc-4.2 --mandir=/share/man --enable-languages=c,objc,c++,obj-c++ --program-prefix=llvm- --program-transform-name=/^[cg][^.-]*$/s/$/-4.2/ --with-slibdir=/usr/lib --build=i686-apple-darwin11 --enable-llvm=/private/var/tmp/llvmgcc42/llvmgcc42-2336.11~67/dst-llvmCore/Developer/usr/local --program-prefix=i686-apple-darwin11- --host=x86_64-apple-darwin11 --target=i686-apple-darwin11 --with-gxx-include-dir=/usr/include/c++/4.2.1
Thread model: posix
gcc version 4.2.1 (Based on Apple Inc. build 5658) (LLVM build 2336.11.00)
configure:3872: $? = 0
configure:3861: gcc -V >&5
llvm-gcc-4.2: argument to `-V' is missing
configure:3872: $? = 1
configure:3861: gcc -qversion >&5
i686-apple-darwin11-llvm-gcc-4.2: no input files
configure:3872: $? = 1
configure:3892: checking whether the C compiler works
configure:3914: gcc    conftest.c  >&5
configure:3918: $? = 0
configure:3966: result: yes
configure:3969: checking for C compiler default output file name
configure:3971: result: a.out
configure:3977: checking for suffix of executables
configure:3984: gcc -o conftest    conftest.c  >&5
configure:3988: $? = 0
configure:4010: result: 
configure:4032: checking whether we are cross compiling
configure:4040: gcc -o conftest    conftest.c  >&5
configure:4044: $? = 0
configure:4051: ./conftest
configure:4055: $? = 0
configure:4070: result: no
configure:4075: checking for suffix of object files
configure:4097: gcc -c   conftest.c >&5
configure:4101: $? = 0
configure:4122: result: o
configure:4126: checking whether we are using the GNU C compiler
configure:4145: gcc -c   conftest.c >&5
configure:4145: $? = 0
configure:4154: result: yes
configure:4163: checking whether gcc accepts -g
configure:4183: gcc -c -g  conftest.c >&5
configure:4183: $? = 0
configure:4224: result: yes
configure:4241: checking for gcc option to accept ISO C89
configure:4305: gcc  -c -g -O2  conftest.c >&5
configure:4305: $? = 0
configure:4318: result: none needed
configure:4338: checking for a sed that does not truncate output
configure:4402: result: /usr/local/bin/gsed
configure:4420: checking for grep that handles long lines and -e
configure:4478: result: /usr/bin/grep
configure:4483: checking for egrep
configure:4545: result: /usr/bin/grep -E
configure:4550: checking for fgrep
configure:4612: result: /usr/bin/grep -F
configure:4647: checking for ld used by gcc
configure:4714: result: /usr/llvm-gcc-4.2/libexec/gcc/i686-apple-darwin11/4.2.1/ld
configure:4721: checking if the linker (/usr/llvm-gcc-4.2/libexec/gcc/i686-apple-darwin11/4.2.1/ld) is GNU ld
configure:4736: result: no
configure:4748: checking for BSD- or MS-compatible name lister (nm)
configure:4797: result: /usr/bin/nm
configure:4927: checking the name lister (/usr/bin/nm) interface
configure:4934: gcc -c -g -O2  conftest.c >&5
configure:4937: /usr/bin/nm "conftest.o"
configure:4940: output
0000000000000190 S _some_variable
configure:4947: result: BSD nm
configure:4950: checking whether ln -s works
configure:4954: result: yes
configure:4962: checking the maximum length of command line arguments
configure:5092: result: 196608
configure:5109: checking whether the shell understands some XSI constructs
configure:5119: result: yes
configure:5123: checking whether the shell understands "+="
configure:5129: result: yes
configure:5164: checking how to convert x86_64-apple-darwin11.4.2 file names to x86_64-apple-darwin11.4.2 format
configure:5204: result: func_convert_file_noop
configure:5211: checking how to convert x86_64-apple-darwin11.4.2 file names to toolchain format
configure:5231: result: func_convert_file_noop
configure:5238: checking for /usr/llvm-gcc-4.2/libexec/gcc/i686-apple-darwin11/4.2.1/ld option to reload object files
configure:5245: result: -r
configure:5319: checking for objdump
configure:5349: result: no
configure:5375: checking how to recognize dependent libraries
configure:5577: result: pass_all
configure:5662: checking for dlltool
configure:5692: result: no
configure:5719: checking how to associate runtime and link libraries
configure:5746: result: printf %s\n
configure:5807: checking for ar
configure:5823: found /usr/bin/ar
configure:5834: result: ar
configure:5871: checking for archiver @FILE support
configure:5888: gcc -c -g -O2  conftest.c >&5
configure:5888: $? = 0
configure:5891: ar cru libconftest.a @conftest.lst >&5
ar: @conftest.lst: No such file or directory
configure:5894: $? = 1
configure:5914: result: no
configure:5972: checking for strip
configure:5988: found /usr/bin/strip
configure:5999: result: strip
configure:6071: checking for ranlib
configure:6087: found /usr/bin/ranlib
configure:6098: result: ranlib
configure:6200: checking command to parse /usr/bin/nm output from gcc object
configure:6320: gcc -c -g -O2  conftest.c >&5
configure:6323: $? = 0
configure:6327: /usr/bin/nm conftest.o \| sed -n -e 's/^.*[ ]\([BCDEGRST][BCDEGRST]*\)[ ][ ]*\([_A-Za-z][_A-Za-z0-9]*\)$/\1 \2 \2/p' | sed '/ __gnu_lto/d' \> conftest.nm
configure:6330: $? = 0
cannot find nm_test_var in conftest.nm
configure:6320: gcc -c -g -O2  conftest.c >&5
configure:6323: $? = 0
configure:6327: /usr/bin/nm conftest.o \| sed -n -e 's/^.*[ ]\([BCDEGRST][BCDEGRST]*\)[ ][ ]*_\([_A-Za-z][_A-Za-z0-9]*\)$/\1 _\2 \2/p' | sed '/ __gnu_lto/d' \> conftest.nm
configure:6330: $? = 0
configure:6396: gcc -o conftest -g -O2   conftest.c conftstm.o >&5
configure:6399: $? = 0
configure:6437: result: ok
configure:6474: checking for sysroot
configure:6504: result: no
configure:6760: checking for mt
configure:6790: result: no
configure:6810: checking if : is a manifest tool
configure:6816: : '-?'
configure:6824: result: no
configure:6880: checking for dsymutil
configure:6896: found /usr/bin/dsymutil
configure:6907: result: dsymutil
configure:6972: checking for nmedit
configure:6988: found /usr/bin/nmedit
configure:6999: result: nmedit
configure:7064: checking for lipo
configure:7080: found /usr/bin/lipo
configure:7091: result: lipo
configure:7156: checking for otool
configure:7172: found /usr/bin/otool
configure:7183: result: otool
configure:7248: checking for otool64
configure:7278: result: no
configure:7323: checking for -single_module linker flag
gcc -g -O2  -o libconftest.dylib -dynamiclib -Wl,-single_module conftest.c
configure:7356: result: yes
configure:7359: checking for -exported_symbols_list linker flag
configure:7379: gcc -o conftest -g -O2   -Wl,-exported_symbols_list,conftest.sym conftest.c  >&5
configure:7379: $? = 0
configure:7389: result: yes
configure:7392: checking for -force_load linker flag
gcc -g -O2 -c -o conftest.o conftest.c
ar cru libconftest.a conftest.o
ranlib libconftest.a
gcc -g -O2  -o conftest conftest.c -Wl,-force_load,./libconftest.a
configure:7424: result: yes
configure:7466: checking how to run the C preprocessor
configure:7497: gcc -E  conftest.c
configure:7497: $? = 0
configure:7511: gcc -E  conftest.c
conftest.c:11:28: error: ac_nonexistent.h: No such file or directory
configure:7511: $? = 1
configure: failed program was:
| /* confdefs.h */
| #define PACKAGE_NAME "xuggler"
| #define PACKAGE_TARNAME "xuggler"
| #define PACKAGE_VERSION "5.5"
| #define PACKAGE_STRING "xuggler 5.5"
| #define PACKAGE_BUGREPORT "info@xuggle.com"
| #define PACKAGE_URL ""
| #define PACKAGE "xuggler"
| #define VERSION "5.5"
| /* end confdefs.h.  */
| #include <ac_nonexistent.h>
configure:7536: result: gcc -E
configure:7556: gcc -E  conftest.c
configure:7556: $? = 0
configure:7570: gcc -E  conftest.c
conftest.c:11:28: error: ac_nonexistent.h: No such file or directory
configure:7570: $? = 1
configure: failed program was:
| /* confdefs.h */
| #define PACKAGE_NAME "xuggler"
| #define PACKAGE_TARNAME "xuggler"
| #define PACKAGE_VERSION "5.5"
| #define PACKAGE_STRING "xuggler 5.5"
| #define PACKAGE_BUGREPORT "info@xuggle.com"
| #define PACKAGE_URL ""
| #define PACKAGE "xuggler"
| #define VERSION "5.5"
| /* end confdefs.h.  */
| #include <ac_nonexistent.h>
configure:7599: checking for ANSI C header files
configure:7619: gcc -c -g -O2  conftest.c >&5
configure:7619: $? = 0
configure:7692: gcc -o conftest -g -O2   conftest.c  >&5
configure:7692: $? = 0
configure:7692: ./conftest
configure:7692: $? = 0
configure:7703: result: yes
configure:7716: checking for sys/types.h
configure:7716: gcc -c -g -O2  conftest.c >&5
configure:7716: $? = 0
configure:7716: result: yes
configure:7716: checking for sys/stat.h
configure:7716: gcc -c -g -O2  conftest.c >&5
configure:7716: $? = 0
configure:7716: result: yes
configure:7716: checking for stdlib.h
configure:7716: gcc -c -g -O2  conftest.c >&5
configure:7716: $? = 0
configure:7716: result: yes
configure:7716: checking for string.h
configure:7716: gcc -c -g -O2  conftest.c >&5
configure:7716: $? = 0
configure:7716: result: yes
configure:7716: checking for memory.h
configure:7716: gcc -c -g -O2  conftest.c >&5
configure:7716: $? = 0
configure:7716: result: yes
configure:7716: checking for strings.h
configure:7716: gcc -c -g -O2  conftest.c >&5
configure:7716: $? = 0
configure:7716: result: yes
configure:7716: checking for inttypes.h
configure:7716: gcc -c -g -O2  conftest.c >&5
configure:7716: $? = 0
configure:7716: result: yes
configure:7716: checking for stdint.h
configure:7716: gcc -c -g -O2  conftest.c >&5
configure:7716: $? = 0
configure:7716: result: yes
configure:7716: checking for unistd.h
configure:7716: gcc -c -g -O2  conftest.c >&5
configure:7716: $? = 0
configure:7716: result: yes
configure:7730: checking for dlfcn.h
configure:7730: gcc -c -g -O2  conftest.c >&5
configure:7730: $? = 0
configure:7730: result: yes
configure:8232: checking for objdir
configure:8247: result: .libs
configure:8518: checking if gcc supports -fno-rtti -fno-exceptions
configure:8536: gcc -c -g -O2  -fno-rtti -fno-exceptions conftest.c >&5
cc1: warning: command line option "-fno-rtti" is valid for C++/ObjC++ but not for C
configure:8540: $? = 0
configure:8553: result: no
configure:8880: checking for gcc option to produce PIC
configure:8887: result: -fno-common -DPIC
configure:8895: checking if gcc PIC flag -fno-common -DPIC works
configure:8913: gcc -c -g -O2  -fno-common -DPIC -DPIC conftest.c >&5
configure:8917: $? = 0
configure:8930: result: yes
configure:8959: checking if gcc static flag -static works
configure:8987: result: no
configure:9002: checking if gcc supports -c -o file.o
configure:9023: gcc -c -g -O2  -o out/conftest2.o conftest.c >&5
configure:9027: $? = 0
configure:9049: result: yes
configure:9057: checking if gcc supports -c -o file.o
configure:9104: result: yes
configure:9137: checking whether the gcc linker (/usr/llvm-gcc-4.2/libexec/gcc/i686-apple-darwin11/4.2.1/ld) supports shared libraries
configure:10290: result: yes
configure:10530: checking dynamic linker characteristics
configure:11263: result: darwin11.4.2 dyld
configure:11370: checking how to hardcode library paths into programs
configure:11395: result: immediate
configure:11935: checking whether stripping libraries is possible
configure:11949: result: yes
configure:11975: checking if libtool supports shared libraries
configure:11977: result: yes
configure:11980: checking whether to build shared libraries
configure:12001: result: yes
configure:12004: checking whether to build static libraries
configure:12008: result: no
configure:12130: checking for gcc
configure:12157: result: gcc
configure:12386: checking for C compiler version
configure:12395: gcc --version >&5
i686-apple-darwin11-llvm-gcc-4.2 (GCC) 4.2.1 (Based on Apple Inc. build 5658) (LLVM build 2336.11.00)
Copyright (C) 2007 Free Software Foundation, Inc.
This is free software; see the source for copying conditions.  There is NO
warranty; not even for MERCHANTABILITY or FITNESS FOR A PARTICULAR PURPOSE.

configure:12406: $? = 0
configure:12395: gcc -v >&5
Using built-in specs.
Target: i686-apple-darwin11
Configured with: /private/var/tmp/llvmgcc42/llvmgcc42-2336.11~67/src/configure --disable-checking --enable-werror --prefix=/Applications/Xcode.app/Contents/Developer/usr/llvm-gcc-4.2 --mandir=/share/man --enable-languages=c,objc,c++,obj-c++ --program-prefix=llvm- --program-transform-name=/^[cg][^.-]*$/s/$/-4.2/ --with-slibdir=/usr/lib --build=i686-apple-darwin11 --enable-llvm=/private/var/tmp/llvmgcc42/llvmgcc42-2336.11~67/dst-llvmCore/Developer/usr/local --program-prefix=i686-apple-darwin11- --host=x86_64-apple-darwin11 --target=i686-apple-darwin11 --with-gxx-include-dir=/usr/include/c++/4.2.1
Thread model: posix
gcc version 4.2.1 (Based on Apple Inc. build 5658) (LLVM build 2336.11.00)
configure:12406: $? = 0
configure:12395: gcc -V >&5
llvm-gcc-4.2: argument to `-V' is missing
configure:12406: $? = 1
configure:12395: gcc -qversion >&5
i686-apple-darwin11-llvm-gcc-4.2: no input files
configure:12406: $? = 1
configure:12410: checking whether we are using the GNU C compiler
configure:12438: result: yes
configure:12447: checking whether gcc accepts -g
configure:12508: result: yes
configure:12525: checking for gcc option to accept ISO C89
configure:12602: result: none needed
configure:12680: checking for g++
configure:12696: found /usr/bin/g++
configure:12707: result: g++
configure:12734: checking for C++ compiler version
configure:12743: g++ --version >&5
i686-apple-darwin11-llvm-g++-4.2 (GCC) 4.2.1 (Based on Apple Inc. build 5658) (LLVM build 2336.11.00)
Copyright (C) 2007 Free Software Foundation, Inc.
This is free software; see the source for copying conditions.  There is NO
warranty; not even for MERCHANTABILITY or FITNESS FOR A PARTICULAR PURPOSE.

configure:12754: $? = 0
configure:12743: g++ -v >&5
Using built-in specs.
Target: i686-apple-darwin11
Configured with: /private/var/tmp/llvmgcc42/llvmgcc42-2336.11~67/src/configure --disable-checking --enable-werror --prefix=/Applications/Xcode.app/Contents/Developer/usr/llvm-gcc-4.2 --mandir=/share/man --enable-languages=c,objc,c++,obj-c++ --program-prefix=llvm- --program-transform-name=/^[cg][^.-]*$/s/$/-4.2/ --with-slibdir=/usr/lib --build=i686-apple-darwin11 --enable-llvm=/private/var/tmp/llvmgcc42/llvmgcc42-2336.11~67/dst-llvmCore/Developer/usr/local --program-prefix=i686-apple-darwin11- --host=x86_64-apple-darwin11 --target=i686-apple-darwin11 --with-gxx-include-dir=/usr/include/c++/4.2.1
Thread model: posix
gcc version 4.2.1 (Based on Apple Inc. build 5658) (LLVM build 2336.11.00)
configure:12754: $? = 0
configure:12743: g++ -V >&5
llvm-g++-4.2: argument to `-V' is missing
configure:12754: $? = 1
configure:12743: g++ -qversion >&5
i686-apple-darwin11-llvm-g++-4.2: no input files
configure:12754: $? = 1
configure:12758: checking whether we are using the GNU C++ compiler
configure:12777: g++ -c -arch x86_64   conftest.cpp >&5
configure:12777: $? = 0
configure:12786: result: yes
configure:12795: checking whether g++ accepts -g
configure:12815: g++ -c -g  conftest.cpp >&5
configure:12815: $? = 0
configure:12856: result: yes
configure:12897: checking how to run the C++ preprocessor
configure:12924: g++ -E  conftest.cpp
configure:12924: $? = 0
configure:12938: g++ -E  conftest.cpp
conftest.cpp:23:28: error: ac_nonexistent.h: No such file or directory
configure:12938: $? = 1
configure: failed program was:
| /* confdefs.h */
| #define PACKAGE_NAME "xuggler"
| #define PACKAGE_TARNAME "xuggler"
| #define PACKAGE_VERSION "5.5"
| #define PACKAGE_STRING "xuggler 5.5"
| #define PACKAGE_BUGREPORT "info@xuggle.com"
| #define PACKAGE_URL ""
| #define PACKAGE "xuggler"
| #define VERSION "5.5"
| #define STDC_HEADERS 1
| #define HAVE_SYS_TYPES_H 1
| #define HAVE_SYS_STAT_H 1
| #define HAVE_STDLIB_H 1
| #define HAVE_STRING_H 1
| #define HAVE_MEMORY_H 1
| #define HAVE_STRINGS_H 1
| #define HAVE_INTTYPES_H 1
| #define HAVE_STDINT_H 1
| #define HAVE_UNISTD_H 1
| #define HAVE_DLFCN_H 1
| #define LT_OBJDIR ".libs/"
| /* end confdefs.h.  */
| #include <ac_nonexistent.h>
configure:12963: result: g++ -E
configure:12983: g++ -E  conftest.cpp
configure:12983: $? = 0
configure:12997: g++ -E  conftest.cpp
conftest.cpp:23:28: error: ac_nonexistent.h: No such file or directory
configure:12997: $? = 1
configure: failed program was:
| /* confdefs.h */
| #define PACKAGE_NAME "xuggler"
| #define PACKAGE_TARNAME "xuggler"
| #define PACKAGE_VERSION "5.5"
| #define PACKAGE_STRING "xuggler 5.5"
| #define PACKAGE_BUGREPORT "info@xuggle.com"
| #define PACKAGE_URL ""
| #define PACKAGE "xuggler"
| #define VERSION "5.5"
| #define STDC_HEADERS 1
| #define HAVE_SYS_TYPES_H 1
| #define HAVE_SYS_STAT_H 1
| #define HAVE_STDLIB_H 1
| #define HAVE_STRING_H 1
| #define HAVE_MEMORY_H 1
| #define HAVE_STRINGS_H 1
| #define HAVE_INTTYPES_H 1
| #define HAVE_STDINT_H 1
| #define HAVE_UNISTD_H 1
| #define HAVE_DLFCN_H 1
| #define LT_OBJDIR ".libs/"
| /* end confdefs.h.  */
| #include <ac_nonexistent.h>
configure:13166: checking for ld used by g++
configure:13233: result: /usr/llvm-gcc-4.2/libexec/gcc/i686-apple-darwin11/4.2.1/ld
configure:13240: checking if the linker (/usr/llvm-gcc-4.2/libexec/gcc/i686-apple-darwin11/4.2.1/ld) is GNU ld
configure:13255: result: no
configure:13310: checking whether the g++ linker (/usr/llvm-gcc-4.2/libexec/gcc/i686-apple-darwin11/4.2.1/ld) supports shared libraries
configure:14315: result: yes
configure:14351: g++ -c -arch x86_64   conftest.cpp >&5
configure:14354: $? = 0
configure:14874: checking for g++ option to produce PIC
configure:14881: result: -fno-common -DPIC
configure:14889: checking if g++ PIC flag -fno-common -DPIC works
configure:14907: g++ -c -arch x86_64   -fno-common -DPIC -DPIC conftest.cpp >&5
configure:14911: $? = 0
configure:14924: result: yes
configure:14947: checking if g++ static flag -static works
configure:14975: result: no
configure:14987: checking if g++ supports -c -o file.o
configure:15008: g++ -c -arch x86_64   -o out/conftest2.o conftest.cpp >&5
configure:15012: $? = 0
configure:15034: result: yes
configure:15039: checking if g++ supports -c -o file.o
configure:15086: result: yes
configure:15116: checking whether the g++ linker (/usr/llvm-gcc-4.2/libexec/gcc/i686-apple-darwin11/4.2.1/ld) supports shared libraries
configure:15152: result: yes
configure:15293: checking dynamic linker characteristics
configure:15960: result: darwin11.4.2 dyld
configure:16013: checking how to hardcode library paths into programs
configure:16038: result: immediate
configure:16087: checking for cross-compiling
configure:16105: result: no
configure:16140: checking whether to use captive versions of dependent libraries
configure:16142: result: yes
configure:16256: checking for C++ compiler vendor
configure:16301: g++ -c -arch x86_64   conftest.cpp >&5
conftest.cpp: In function 'int main()':
conftest.cpp:31: error: 'thisisanerror' was not declared in this scope
configure:16301: $? = 1
configure: failed program was:
| /* confdefs.h */
| #define PACKAGE_NAME "xuggler"
| #define PACKAGE_TARNAME "xuggler"
| #define PACKAGE_VERSION "5.5"
| #define PACKAGE_STRING "xuggler 5.5"
| #define PACKAGE_BUGREPORT "info@xuggle.com"
| #define PACKAGE_URL ""
| #define PACKAGE "xuggler"
| #define VERSION "5.5"
| #define STDC_HEADERS 1
| #define HAVE_SYS_TYPES_H 1
| #define HAVE_SYS_STAT_H 1
| #define HAVE_STDLIB_H 1
| #define HAVE_STRING_H 1
| #define HAVE_MEMORY_H 1
| #define HAVE_STRINGS_H 1
| #define HAVE_INTTYPES_H 1
| #define HAVE_STDINT_H 1
| #define HAVE_UNISTD_H 1
| #define HAVE_DLFCN_H 1
| #define LT_OBJDIR ".libs/"
| #define VS_LIB_MAJOR_VERSION 5
| #define VS_LIB_MINOR_VERSION 5
| /* end confdefs.h.  */
| 
| int
| main ()
| {
| 
|       #if !(defined(__ICC) || defined(__ECC) || defined(__INTEL_COMPILER))
|         thisisanerror;
|       #endif
| 
|   ;
|   return 0;
| }
configure:16301: g++ -c -arch x86_64   conftest.cpp >&5
conftest.cpp: In function 'int main()':
conftest.cpp:31: error: 'thisisanerror' was not declared in this scope
configure:16301: $? = 1
configure: failed program was:
| /* confdefs.h */
| #define PACKAGE_NAME "xuggler"
| #define PACKAGE_TARNAME "xuggler"
| #define PACKAGE_VERSION "5.5"
| #define PACKAGE_STRING "xuggler 5.5"
| #define PACKAGE_BUGREPORT "info@xuggle.com"
| #define PACKAGE_URL ""
| #define PACKAGE "xuggler"
| #define VERSION "5.5"
| #define STDC_HEADERS 1
| #define HAVE_SYS_TYPES_H 1
| #define HAVE_SYS_STAT_H 1
| #define HAVE_STDLIB_H 1
| #define HAVE_STRING_H 1
| #define HAVE_MEMORY_H 1
| #define HAVE_STRINGS_H 1
| #define HAVE_INTTYPES_H 1
| #define HAVE_STDINT_H 1
| #define HAVE_UNISTD_H 1
| #define HAVE_DLFCN_H 1
| #define LT_OBJDIR ".libs/"
| #define VS_LIB_MAJOR_VERSION 5
| #define VS_LIB_MINOR_VERSION 5
| /* end confdefs.h.  */
| 
| int
| main ()
| {
| 
|       #if !(defined(__xlc__) || defined(__xlC__) || defined(__IBMC__) || defined(__IBMCPP__))
|         thisisanerror;
|       #endif
| 
|   ;
|   return 0;
| }
configure:16301: g++ -c -arch x86_64   conftest.cpp >&5
conftest.cpp: In function 'int main()':
conftest.cpp:31: error: 'thisisanerror' was not declared in this scope
configure:16301: $? = 1
configure: failed program was:
| /* confdefs.h */
| #define PACKAGE_NAME "xuggler"
| #define PACKAGE_TARNAME "xuggler"
| #define PACKAGE_VERSION "5.5"
| #define PACKAGE_STRING "xuggler 5.5"
| #define PACKAGE_BUGREPORT "info@xuggle.com"
| #define PACKAGE_URL ""
| #define PACKAGE "xuggler"
| #define VERSION "5.5"
| #define STDC_HEADERS 1
| #define HAVE_SYS_TYPES_H 1
| #define HAVE_SYS_STAT_H 1
| #define HAVE_STDLIB_H 1
| #define HAVE_STRING_H 1
| #define HAVE_MEMORY_H 1
| #define HAVE_STRINGS_H 1
| #define HAVE_INTTYPES_H 1
| #define HAVE_STDINT_H 1
| #define HAVE_UNISTD_H 1
| #define HAVE_DLFCN_H 1
| #define LT_OBJDIR ".libs/"
| #define VS_LIB_MAJOR_VERSION 5
| #define VS_LIB_MINOR_VERSION 5
| /* end confdefs.h.  */
| 
| int
| main ()
| {
| 
|       #if !(defined(__PATHCC__) || defined(__PATHSCALE__))
|         thisisanerror;
|       #endif
| 
|   ;
|   return 0;
| }
configure:16301: g++ -c -arch x86_64   conftest.cpp >&5
conftest.cpp: In function 'int main()':
conftest.cpp:31: error: 'thisisanerror' was not declared in this scope
configure:16301: $? = 1
configure: failed program was:
| /* confdefs.h */
| #define PACKAGE_NAME "xuggler"
| #define PACKAGE_TARNAME "xuggler"
| #define PACKAGE_VERSION "5.5"
| #define PACKAGE_STRING "xuggler 5.5"
| #define PACKAGE_BUGREPORT "info@xuggle.com"
| #define PACKAGE_URL ""
| #define PACKAGE "xuggler"
| #define VERSION "5.5"
| #define STDC_HEADERS 1
| #define HAVE_SYS_TYPES_H 1
| #define HAVE_SYS_STAT_H 1
| #define HAVE_STDLIB_H 1
| #define HAVE_STRING_H 1
| #define HAVE_MEMORY_H 1
| #define HAVE_STRINGS_H 1
| #define HAVE_INTTYPES_H 1
| #define HAVE_STDINT_H 1
| #define HAVE_UNISTD_H 1
| #define HAVE_DLFCN_H 1
| #define LT_OBJDIR ".libs/"
| #define VS_LIB_MAJOR_VERSION 5
| #define VS_LIB_MINOR_VERSION 5
| /* end confdefs.h.  */
| 
| int
| main ()
| {
| 
|       #if !(defined(__clang__))
|         thisisanerror;
|       #endif
| 
|   ;
|   return 0;
| }
configure:16301: g++ -c -arch x86_64   conftest.cpp >&5
configure:16301: $? = 0
configure:16309: result: gnu
configure:16340: checking whether to enable compiler optimizations
configure:16342: result: yes
configure:16365: checking whether to regnerate java interfaces from swig
configure:16367: result: no
configure:16431: checking whether we saw a bunny
configure:16433: result: no
configure:16497: checking whether we smell bunny poop
configure:16499: result: no
configure:16506: checking whether strerror_r is declared
configure:16506: g++ -c -arch x86_64   conftest.cpp >&5
configure:16506: $? = 0
configure:16506: result: yes
configure:16519: checking for strerror_r
configure:16519: g++ -o conftest -arch x86_64   -arch x86_64  conftest.cpp  >&5
configure:16519: $? = 0
configure:16519: result: yes
configure:16528: checking whether strerror_r returns char *
configure:16552: g++ -c -arch x86_64   conftest.cpp >&5
conftest.cpp: In function 'int main()':
conftest.cpp:65: error: invalid type argument of 'unary *'
conftest.cpp:66: error: invalid conversion from 'int' to 'char*'
configure:16552: $? = 1
configure: failed program was:
| /* confdefs.h */
| #define PACKAGE_NAME "xuggler"
| #define PACKAGE_TARNAME "xuggler"
| #define PACKAGE_VERSION "5.5"
| #define PACKAGE_STRING "xuggler 5.5"
| #define PACKAGE_BUGREPORT "info@xuggle.com"
| #define PACKAGE_URL ""
| #define PACKAGE "xuggler"
| #define VERSION "5.5"
| #define STDC_HEADERS 1
| #define HAVE_SYS_TYPES_H 1
| #define HAVE_SYS_STAT_H 1
| #define HAVE_STDLIB_H 1
| #define HAVE_STRING_H 1
| #define HAVE_MEMORY_H 1
| #define HAVE_STRINGS_H 1
| #define HAVE_INTTYPES_H 1
| #define HAVE_STDINT_H 1
| #define HAVE_UNISTD_H 1
| #define HAVE_DLFCN_H 1
| #define LT_OBJDIR ".libs/"
| #define VS_LIB_MAJOR_VERSION 5
| #define VS_LIB_MINOR_VERSION 5
| #define HAVE_DECL_STRERROR_R 1
| #define HAVE_STRERROR_R 1
| /* end confdefs.h.  */
| #include <stdio.h>
| #ifdef HAVE_SYS_TYPES_H
| # include <sys/types.h>
| #endif
| #ifdef HAVE_SYS_STAT_H
| # include <sys/stat.h>
| #endif
| #ifdef STDC_HEADERS
| # include <stdlib.h>
| # include <stddef.h>
| #else
| # ifdef HAVE_STDLIB_H
| #  include <stdlib.h>
| # endif
| #endif
| #ifdef HAVE_STRING_H
| # if !defined STDC_HEADERS && defined HAVE_MEMORY_H
| #  include <memory.h>
| # endif
| # include <string.h>
| #endif
| #ifdef HAVE_STRINGS_H
| # include <strings.h>
| #endif
| #ifdef HAVE_INTTYPES_H
| # include <inttypes.h>
| #endif
| #ifdef HAVE_STDINT_H
| # include <stdint.h>
| #endif
| #ifdef HAVE_UNISTD_H
| # include <unistd.h>
| #endif
| int
| main ()
| {
| 
| 	  char buf[100];
| 	  char x = *strerror_r (0, buf, sizeof buf);
| 	  char *p = strerror_r (0, buf, sizeof buf);
| 	  return !p || x;
| 
|   ;
|   return 0;
| }
configure:16590: result: no
configure:16598: checking for bunny tracks
configure:16600: result: no
configure:16604: checking for valgrind
configure:16637: result: no
configure:16652: checking for bunny fur
configure:16654: result: no
configure:16659: checking for doxygen
configure:16692: result: no
configure:16709: checking for perl
configure:16727: found /usr/bin/perl
configure:16739: result: /usr/bin/perl
configure:16761: checking for java include file jni.h
configure:16801: result: /projects/workrepo/xuggle-xuggler/captive/jni/darwin/
configure:16820: checking for java include file jni_md.h
configure:16835: result: /projects/workrepo/xuggle-xuggler/captive/jni/darwin
configure:16845: checking for ANSI C header files
configure:16949: result: yes
configure:16957: checking for carrot remnants
configure:16959: result: no
configure:16962: checking whether to enable assertions
configure:16980: result: yes
configure:16986: checking for stdlib.h
configure:16986: result: yes
configure:16986: checking for string.h
configure:16986: result: yes
configure:16986: checking for unistd.h
configure:16986: result: yes
configure:16997: checking for stdbool.h that conforms to C99
configure:17064: g++ -c -arch x86_64   conftest.cpp >&5
configure:17064: $? = 0
configure:17071: result: yes
configure:17073: checking for _Bool
configure:17073: g++ -c -arch x86_64   conftest.cpp >&5
conftest.cpp: In function 'int main()':
conftest.cpp:67: error: '_Bool' was not declared in this scope
configure:17073: $? = 1
configure: failed program was:
| /* confdefs.h */
| #define PACKAGE_NAME "xuggler"
| #define PACKAGE_TARNAME "xuggler"
| #define PACKAGE_VERSION "5.5"
| #define PACKAGE_STRING "xuggler 5.5"
| #define PACKAGE_BUGREPORT "info@xuggle.com"
| #define PACKAGE_URL ""
| #define PACKAGE "xuggler"
| #define VERSION "5.5"
| #define STDC_HEADERS 1
| #define HAVE_SYS_TYPES_H 1
| #define HAVE_SYS_STAT_H 1
| #define HAVE_STDLIB_H 1
| #define HAVE_STRING_H 1
| #define HAVE_MEMORY_H 1
| #define HAVE_STRINGS_H 1
| #define HAVE_INTTYPES_H 1
| #define HAVE_STDINT_H 1
| #define HAVE_UNISTD_H 1
| #define HAVE_DLFCN_H 1
| #define LT_OBJDIR ".libs/"
| #define VS_LIB_MAJOR_VERSION 5
| #define VS_LIB_MINOR_VERSION 5
| #define HAVE_DECL_STRERROR_R 1
| #define HAVE_STRERROR_R 1
| #define STDC_HEADERS 1
| #define HAVE_STDLIB_H 1
| #define HAVE_STRING_H 1
| #define HAVE_UNISTD_H 1
| /* end confdefs.h.  */
| #include <stdio.h>
| #ifdef HAVE_SYS_TYPES_H
| # include <sys/types.h>
| #endif
| #ifdef HAVE_SYS_STAT_H
| # include <sys/stat.h>
| #endif
| #ifdef STDC_HEADERS
| # include <stdlib.h>
| # include <stddef.h>
| #else
| # ifdef HAVE_STDLIB_H
| #  include <stdlib.h>
| # endif
| #endif
| #ifdef HAVE_STRING_H
| # if !defined STDC_HEADERS && defined HAVE_MEMORY_H
| #  include <memory.h>
| # endif
| # include <string.h>
| #endif
| #ifdef HAVE_STRINGS_H
| # include <strings.h>
| #endif
| #ifdef HAVE_INTTYPES_H
| # include <inttypes.h>
| #endif
| #ifdef HAVE_STDINT_H
| # include <stdint.h>
| #endif
| #ifdef HAVE_UNISTD_H
| # include <unistd.h>
| #endif
| int
| main ()
| {
| if (sizeof (_Bool))
| 	 return 0;
|   ;
|   return 0;
| }
configure:17073: result: no
configure:17089: checking for an ANSI C-conforming const
configure:17154: g++ -c -arch x86_64   conftest.cpp >&5
configure:17154: $? = 0
configure:17161: result: yes
configure:17169: checking for wabbit season
configure:17171: result: duck season
configure:17173: checking for inline
configure:17189: g++ -c -arch x86_64   conftest.cpp >&5
configure:17189: $? = 0
configure:17197: result: inline
configure:17215: checking for int64_t
configure:17215: g++ -c -arch x86_64   conftest.cpp >&5
configure:17215: $? = 0
configure:17215: g++ -c -arch x86_64   conftest.cpp >&5
conftest.cpp: In function 'int main()':
conftest.cpp:70: error: size of array 'test_array' is negative
configure:17215: $? = 1
configure: failed program was:
| /* confdefs.h */
| #define PACKAGE_NAME "xuggler"
| #define PACKAGE_TARNAME "xuggler"
| #define PACKAGE_VERSION "5.5"
| #define PACKAGE_STRING "xuggler 5.5"
| #define PACKAGE_BUGREPORT "info@xuggle.com"
| #define PACKAGE_URL ""
| #define PACKAGE "xuggler"
| #define VERSION "5.5"
| #define STDC_HEADERS 1
| #define HAVE_SYS_TYPES_H 1
| #define HAVE_SYS_STAT_H 1
| #define HAVE_STDLIB_H 1
| #define HAVE_STRING_H 1
| #define HAVE_MEMORY_H 1
| #define HAVE_STRINGS_H 1
| #define HAVE_INTTYPES_H 1
| #define HAVE_STDINT_H 1
| #define HAVE_UNISTD_H 1
| #define HAVE_DLFCN_H 1
| #define LT_OBJDIR ".libs/"
| #define VS_LIB_MAJOR_VERSION 5
| #define VS_LIB_MINOR_VERSION 5
| #define HAVE_DECL_STRERROR_R 1
| #define HAVE_STRERROR_R 1
| #define STDC_HEADERS 1
| #define HAVE_STDLIB_H 1
| #define HAVE_STRING_H 1
| #define HAVE_UNISTD_H 1
| #define HAVE_STDBOOL_H 1
| /* end confdefs.h.  */
| #include <stdio.h>
| #ifdef HAVE_SYS_TYPES_H
| # include <sys/types.h>
| #endif
| #ifdef HAVE_SYS_STAT_H
| # include <sys/stat.h>
| #endif
| #ifdef STDC_HEADERS
| # include <stdlib.h>
| # include <stddef.h>
| #else
| # ifdef HAVE_STDLIB_H
| #  include <stdlib.h>
| # endif
| #endif
| #ifdef HAVE_STRING_H
| # if !defined STDC_HEADERS && defined HAVE_MEMORY_H
| #  include <memory.h>
| # endif
| # include <string.h>
| #endif
| #ifdef HAVE_STRINGS_H
| # include <strings.h>
| #endif
| #ifdef HAVE_INTTYPES_H
| # include <inttypes.h>
| #endif
| #ifdef HAVE_STDINT_H
| # include <stdint.h>
| #endif
| #ifdef HAVE_UNISTD_H
| # include <unistd.h>
| #endif
| 	        enum { N = 64 / 2 - 1 };
| int
| main ()
| {
| static int test_array [1 - 2 * !((int64_t) (((((int64_t) 1 << N) << N) - 1) * 2 + 1)
| 		 < (int64_t) (((((int64_t) 1 << N) << N) - 1) * 2 + 2))];
| test_array [0] = 0
| 
|   ;
|   return 0;
| }
configure:17215: result: yes
configure:17226: checking for int32_t
configure:17226: g++ -c -arch x86_64   conftest.cpp >&5
configure:17226: $? = 0
configure:17226: g++ -c -arch x86_64   conftest.cpp >&5
conftest.cpp: In function 'int main()':
conftest.cpp:70: error: size of array 'test_array' is negative
configure:17226: $? = 1
configure: failed program was:
| /* confdefs.h */
| #define PACKAGE_NAME "xuggler"
| #define PACKAGE_TARNAME "xuggler"
| #define PACKAGE_VERSION "5.5"
| #define PACKAGE_STRING "xuggler 5.5"
| #define PACKAGE_BUGREPORT "info@xuggle.com"
| #define PACKAGE_URL ""
| #define PACKAGE "xuggler"
| #define VERSION "5.5"
| #define STDC_HEADERS 1
| #define HAVE_SYS_TYPES_H 1
| #define HAVE_SYS_STAT_H 1
| #define HAVE_STDLIB_H 1
| #define HAVE_STRING_H 1
| #define HAVE_MEMORY_H 1
| #define HAVE_STRINGS_H 1
| #define HAVE_INTTYPES_H 1
| #define HAVE_STDINT_H 1
| #define HAVE_UNISTD_H 1
| #define HAVE_DLFCN_H 1
| #define LT_OBJDIR ".libs/"
| #define VS_LIB_MAJOR_VERSION 5
| #define VS_LIB_MINOR_VERSION 5
| #define HAVE_DECL_STRERROR_R 1
| #define HAVE_STRERROR_R 1
| #define STDC_HEADERS 1
| #define HAVE_STDLIB_H 1
| #define HAVE_STRING_H 1
| #define HAVE_UNISTD_H 1
| #define HAVE_STDBOOL_H 1
| /* end confdefs.h.  */
| #include <stdio.h>
| #ifdef HAVE_SYS_TYPES_H
| # include <sys/types.h>
| #endif
| #ifdef HAVE_SYS_STAT_H
| # include <sys/stat.h>
| #endif
| #ifdef STDC_HEADERS
| # include <stdlib.h>
| # include <stddef.h>
| #else
| # ifdef HAVE_STDLIB_H
| #  include <stdlib.h>
| # endif
| #endif
| #ifdef HAVE_STRING_H
| # if !defined STDC_HEADERS && defined HAVE_MEMORY_H
| #  include <memory.h>
| # endif
| # include <string.h>
| #endif
| #ifdef HAVE_STRINGS_H
| # include <strings.h>
| #endif
| #ifdef HAVE_INTTYPES_H
| # include <inttypes.h>
| #endif
| #ifdef HAVE_STDINT_H
| # include <stdint.h>
| #endif
| #ifdef HAVE_UNISTD_H
| # include <unistd.h>
| #endif
| 	        enum { N = 32 / 2 - 1 };
| int
| main ()
| {
| static int test_array [1 - 2 * !((int32_t) (((((int32_t) 1 << N) << N) - 1) * 2 + 1)
| 		 < (int32_t) (((((int32_t) 1 << N) << N) - 1) * 2 + 2))];
| test_array [0] = 0
| 
|   ;
|   return 0;
| }
configure:17226: result: yes
configure:17237: checking for int16_t
configure:17237: g++ -c -arch x86_64   conftest.cpp >&5
configure:17237: $? = 0
configure:17237: g++ -c -arch x86_64   conftest.cpp >&5
conftest.cpp: In function 'int main()':
conftest.cpp:70: error: size of array 'test_array' is negative
configure:17237: $? = 1
configure: failed program was:
| /* confdefs.h */
| #define PACKAGE_NAME "xuggler"
| #define PACKAGE_TARNAME "xuggler"
| #define PACKAGE_VERSION "5.5"
| #define PACKAGE_STRING "xuggler 5.5"
| #define PACKAGE_BUGREPORT "info@xuggle.com"
| #define PACKAGE_URL ""
| #define PACKAGE "xuggler"
| #define VERSION "5.5"
| #define STDC_HEADERS 1
| #define HAVE_SYS_TYPES_H 1
| #define HAVE_SYS_STAT_H 1
| #define HAVE_STDLIB_H 1
| #define HAVE_STRING_H 1
| #define HAVE_MEMORY_H 1
| #define HAVE_STRINGS_H 1
| #define HAVE_INTTYPES_H 1
| #define HAVE_STDINT_H 1
| #define HAVE_UNISTD_H 1
| #define HAVE_DLFCN_H 1
| #define LT_OBJDIR ".libs/"
| #define VS_LIB_MAJOR_VERSION 5
| #define VS_LIB_MINOR_VERSION 5
| #define HAVE_DECL_STRERROR_R 1
| #define HAVE_STRERROR_R 1
| #define STDC_HEADERS 1
| #define HAVE_STDLIB_H 1
| #define HAVE_STRING_H 1
| #define HAVE_UNISTD_H 1
| #define HAVE_STDBOOL_H 1
| /* end confdefs.h.  */
| #include <stdio.h>
| #ifdef HAVE_SYS_TYPES_H
| # include <sys/types.h>
| #endif
| #ifdef HAVE_SYS_STAT_H
| # include <sys/stat.h>
| #endif
| #ifdef STDC_HEADERS
| # include <stdlib.h>
| # include <stddef.h>
| #else
| # ifdef HAVE_STDLIB_H
| #  include <stdlib.h>
| # endif
| #endif
| #ifdef HAVE_STRING_H
| # if !defined STDC_HEADERS && defined HAVE_MEMORY_H
| #  include <memory.h>
| # endif
| # include <string.h>
| #endif
| #ifdef HAVE_STRINGS_H
| # include <strings.h>
| #endif
| #ifdef HAVE_INTTYPES_H
| # include <inttypes.h>
| #endif
| #ifdef HAVE_STDINT_H
| # include <stdint.h>
| #endif
| #ifdef HAVE_UNISTD_H
| # include <unistd.h>
| #endif
| 	        enum { N = 16 / 2 - 1 };
| int
| main ()
| {
| static int test_array [1 - 2 * !((int16_t) (((((int16_t) 1 << N) << N) - 1) * 2 + 1)
| 		 < (int16_t) (((((int16_t) 1 << N) << N) - 1) * 2 + 2))];
| test_array [0] = 0
| 
|   ;
|   return 0;
| }
configure:17237: result: yes
configure:17248: checking for int8_t
configure:17248: g++ -c -arch x86_64   conftest.cpp >&5
configure:17248: $? = 0
configure:17248: g++ -c -arch x86_64   conftest.cpp >&5
conftest.cpp: In function 'int main()':
conftest.cpp:70: error: size of array 'test_array' is negative
configure:17248: $? = 1
configure: failed program was:
| /* confdefs.h */
| #define PACKAGE_NAME "xuggler"
| #define PACKAGE_TARNAME "xuggler"
| #define PACKAGE_VERSION "5.5"
| #define PACKAGE_STRING "xuggler 5.5"
| #define PACKAGE_BUGREPORT "info@xuggle.com"
| #define PACKAGE_URL ""
| #define PACKAGE "xuggler"
| #define VERSION "5.5"
| #define STDC_HEADERS 1
| #define HAVE_SYS_TYPES_H 1
| #define HAVE_SYS_STAT_H 1
| #define HAVE_STDLIB_H 1
| #define HAVE_STRING_H 1
| #define HAVE_MEMORY_H 1
| #define HAVE_STRINGS_H 1
| #define HAVE_INTTYPES_H 1
| #define HAVE_STDINT_H 1
| #define HAVE_UNISTD_H 1
| #define HAVE_DLFCN_H 1
| #define LT_OBJDIR ".libs/"
| #define VS_LIB_MAJOR_VERSION 5
| #define VS_LIB_MINOR_VERSION 5
| #define HAVE_DECL_STRERROR_R 1
| #define HAVE_STRERROR_R 1
| #define STDC_HEADERS 1
| #define HAVE_STDLIB_H 1
| #define HAVE_STRING_H 1
| #define HAVE_UNISTD_H 1
| #define HAVE_STDBOOL_H 1
| /* end confdefs.h.  */
| #include <stdio.h>
| #ifdef HAVE_SYS_TYPES_H
| # include <sys/types.h>
| #endif
| #ifdef HAVE_SYS_STAT_H
| # include <sys/stat.h>
| #endif
| #ifdef STDC_HEADERS
| # include <stdlib.h>
| # include <stddef.h>
| #else
| # ifdef HAVE_STDLIB_H
| #  include <stdlib.h>
| # endif
| #endif
| #ifdef HAVE_STRING_H
| # if !defined STDC_HEADERS && defined HAVE_MEMORY_H
| #  include <memory.h>
| # endif
| # include <string.h>
| #endif
| #ifdef HAVE_STRINGS_H
| # include <strings.h>
| #endif
| #ifdef HAVE_INTTYPES_H
| # include <inttypes.h>
| #endif
| #ifdef HAVE_STDINT_H
| # include <stdint.h>
| #endif
| #ifdef HAVE_UNISTD_H
| # include <unistd.h>
| #endif
| 	        enum { N = 8 / 2 - 1 };
| int
| main ()
| {
| static int test_array [1 - 2 * !((int8_t) (((((int8_t) 1 << N) << N) - 1) * 2 + 1)
| 		 < (int8_t) (((((int8_t) 1 << N) << N) - 1) * 2 + 2))];
| test_array [0] = 0
| 
|   ;
|   return 0;
| }
configure:17248: result: yes
configure:17259: checking for uint64_t
configure:17259: g++ -c -arch x86_64   conftest.cpp >&5
configure:17259: $? = 0
configure:17259: result: yes
configure:17273: checking for uint32_t
configure:17273: g++ -c -arch x86_64   conftest.cpp >&5
configure:17273: $? = 0
configure:17273: result: yes
configure:17287: checking for uint16_t
configure:17287: g++ -c -arch x86_64   conftest.cpp >&5
configure:17287: $? = 0
configure:17287: result: yes
configure:17299: checking for uint8_t
configure:17299: g++ -c -arch x86_64   conftest.cpp >&5
configure:17299: $? = 0
configure:17299: result: yes
configure:17313: checking for size_t
configure:17313: g++ -c -arch x86_64   conftest.cpp >&5
configure:17313: $? = 0
configure:17313: g++ -c -arch x86_64   conftest.cpp >&5
conftest.cpp: In function 'int main()':
conftest.cpp:68: error: expected primary-expression before ')' token
configure:17313: $? = 1
configure: failed program was:
| /* confdefs.h */
| #define PACKAGE_NAME "xuggler"
| #define PACKAGE_TARNAME "xuggler"
| #define PACKAGE_VERSION "5.5"
| #define PACKAGE_STRING "xuggler 5.5"
| #define PACKAGE_BUGREPORT "info@xuggle.com"
| #define PACKAGE_URL ""
| #define PACKAGE "xuggler"
| #define VERSION "5.5"
| #define STDC_HEADERS 1
| #define HAVE_SYS_TYPES_H 1
| #define HAVE_SYS_STAT_H 1
| #define HAVE_STDLIB_H 1
| #define HAVE_STRING_H 1
| #define HAVE_MEMORY_H 1
| #define HAVE_STRINGS_H 1
| #define HAVE_INTTYPES_H 1
| #define HAVE_STDINT_H 1
| #define HAVE_UNISTD_H 1
| #define HAVE_DLFCN_H 1
| #define LT_OBJDIR ".libs/"
| #define VS_LIB_MAJOR_VERSION 5
| #define VS_LIB_MINOR_VERSION 5
| #define HAVE_DECL_STRERROR_R 1
| #define HAVE_STRERROR_R 1
| #define STDC_HEADERS 1
| #define HAVE_STDLIB_H 1
| #define HAVE_STRING_H 1
| #define HAVE_UNISTD_H 1
| #define HAVE_STDBOOL_H 1
| /* end confdefs.h.  */
| #include <stdio.h>
| #ifdef HAVE_SYS_TYPES_H
| # include <sys/types.h>
| #endif
| #ifdef HAVE_SYS_STAT_H
| # include <sys/stat.h>
| #endif
| #ifdef STDC_HEADERS
| # include <stdlib.h>
| # include <stddef.h>
| #else
| # ifdef HAVE_STDLIB_H
| #  include <stdlib.h>
| # endif
| #endif
| #ifdef HAVE_STRING_H
| # if !defined STDC_HEADERS && defined HAVE_MEMORY_H
| #  include <memory.h>
| # endif
| # include <string.h>
| #endif
| #ifdef HAVE_STRINGS_H
| # include <strings.h>
| #endif
| #ifdef HAVE_INTTYPES_H
| # include <inttypes.h>
| #endif
| #ifdef HAVE_STDINT_H
| # include <stdint.h>
| #endif
| #ifdef HAVE_UNISTD_H
| # include <unistd.h>
| #endif
| int
| main ()
| {
| if (sizeof ((size_t)))
| 	    return 0;
|   ;
|   return 0;
| }
configure:17313: result: yes
configure:17324: checking for off_t
configure:17324: g++ -c -arch x86_64   conftest.cpp >&5
configure:17324: $? = 0
configure:17324: g++ -c -arch x86_64   conftest.cpp >&5
conftest.cpp: In function 'int main()':
conftest.cpp:68: error: expected primary-expression before ')' token
configure:17324: $? = 1
configure: failed program was:
| /* confdefs.h */
| #define PACKAGE_NAME "xuggler"
| #define PACKAGE_TARNAME "xuggler"
| #define PACKAGE_VERSION "5.5"
| #define PACKAGE_STRING "xuggler 5.5"
| #define PACKAGE_BUGREPORT "info@xuggle.com"
| #define PACKAGE_URL ""
| #define PACKAGE "xuggler"
| #define VERSION "5.5"
| #define STDC_HEADERS 1
| #define HAVE_SYS_TYPES_H 1
| #define HAVE_SYS_STAT_H 1
| #define HAVE_STDLIB_H 1
| #define HAVE_STRING_H 1
| #define HAVE_MEMORY_H 1
| #define HAVE_STRINGS_H 1
| #define HAVE_INTTYPES_H 1
| #define HAVE_STDINT_H 1
| #define HAVE_UNISTD_H 1
| #define HAVE_DLFCN_H 1
| #define LT_OBJDIR ".libs/"
| #define VS_LIB_MAJOR_VERSION 5
| #define VS_LIB_MINOR_VERSION 5
| #define HAVE_DECL_STRERROR_R 1
| #define HAVE_STRERROR_R 1
| #define STDC_HEADERS 1
| #define HAVE_STDLIB_H 1
| #define HAVE_STRING_H 1
| #define HAVE_UNISTD_H 1
| #define HAVE_STDBOOL_H 1
| /* end confdefs.h.  */
| #include <stdio.h>
| #ifdef HAVE_SYS_TYPES_H
| # include <sys/types.h>
| #endif
| #ifdef HAVE_SYS_STAT_H
| # include <sys/stat.h>
| #endif
| #ifdef STDC_HEADERS
| # include <stdlib.h>
| # include <stddef.h>
| #else
| # ifdef HAVE_STDLIB_H
| #  include <stdlib.h>
| # endif
| #endif
| #ifdef HAVE_STRING_H
| # if !defined STDC_HEADERS && defined HAVE_MEMORY_H
| #  include <memory.h>
| # endif
| # include <string.h>
| #endif
| #ifdef HAVE_STRINGS_H
| # include <strings.h>
| #endif
| #ifdef HAVE_INTTYPES_H
| # include <inttypes.h>
| #endif
| #ifdef HAVE_STDINT_H
| # include <stdint.h>
| #endif
| #ifdef HAVE_UNISTD_H
| # include <unistd.h>
| #endif
| int
| main ()
| {
| if (sizeof ((off_t)))
| 	    return 0;
|   ;
|   return 0;
| }
configure:17324: result: yes
configure:17335: checking whether struct tm is in sys/time.h or time.h
configure:17355: g++ -c -arch x86_64   conftest.cpp >&5
configure:17355: $? = 0
configure:17362: result: time.h
configure:17370: checking if i'm gonna get you wabbit
configure:17372: result: no
configure:17374: checking for working volatile
configure:17393: g++ -c -arch x86_64   conftest.cpp >&5
configure:17393: $? = 0
configure:17400: result: yes
configure:17410: checking for error_at_line
configure:17426: g++ -o conftest -arch x86_64   -arch x86_64  conftest.cpp  >&5
conftest.cpp:32:19: error: error.h: No such file or directory
conftest.cpp: In function 'int main()':
conftest.cpp:36: error: 'error_at_line' was not declared in this scope
configure:17426: $? = 1
configure: failed program was:
| /* confdefs.h */
| #define PACKAGE_NAME "xuggler"
| #define PACKAGE_TARNAME "xuggler"
| #define PACKAGE_VERSION "5.5"
| #define PACKAGE_STRING "xuggler 5.5"
| #define PACKAGE_BUGREPORT "info@xuggle.com"
| #define PACKAGE_URL ""
| #define PACKAGE "xuggler"
| #define VERSION "5.5"
| #define STDC_HEADERS 1
| #define HAVE_SYS_TYPES_H 1
| #define HAVE_SYS_STAT_H 1
| #define HAVE_STDLIB_H 1
| #define HAVE_STRING_H 1
| #define HAVE_MEMORY_H 1
| #define HAVE_STRINGS_H 1
| #define HAVE_INTTYPES_H 1
| #define HAVE_STDINT_H 1
| #define HAVE_UNISTD_H 1
| #define HAVE_DLFCN_H 1
| #define LT_OBJDIR ".libs/"
| #define VS_LIB_MAJOR_VERSION 5
| #define VS_LIB_MINOR_VERSION 5
| #define HAVE_DECL_STRERROR_R 1
| #define HAVE_STRERROR_R 1
| #define STDC_HEADERS 1
| #define HAVE_STDLIB_H 1
| #define HAVE_STRING_H 1
| #define HAVE_UNISTD_H 1
| #define HAVE_STDBOOL_H 1
| /* end confdefs.h.  */
| #include <error.h>
| int
| main ()
| {
| error_at_line (0, 0, "", 0, "an error occurred");
|   ;
|   return 0;
| }
configure:17434: result: no
configure:17447: checking for stdlib.h
configure:17447: result: yes
configure:17457: checking for GNU libc compatible malloc
configure:17481: g++ -o conftest -arch x86_64   -arch x86_64  conftest.cpp  >&5
configure:17481: $? = 0
configure:17481: ./conftest
configure:17481: $? = 0
configure:17491: result: yes
configure:17513: checking for _LARGEFILE_SOURCE value needed for large files
configure:17532: g++ -o conftest -arch x86_64   -arch x86_64  conftest.cpp  >&5
configure:17532: $? = 0
configure:17560: result: no
configure:17584: checking for memmove
configure:17584: g++ -o conftest -arch x86_64   -arch x86_64  conftest.cpp  >&5
configure:17584: $? = 0
configure:17584: result: yes
configure:17584: checking for memset
configure:17584: g++ -o conftest -arch x86_64   -arch x86_64  conftest.cpp  >&5
configure:17584: $? = 0
configure:17584: result: yes
configure:17596: checking if you're now hunting rabbits as well
configure:17598: result: yes
configure:17608: checking whether to treat warnings as errors
configure:17610: result: yes
configure:17629: checking if you smiled
configure:17631: result: let us know: info@xuggle.com
configure:17663: checking for static PIC version of stdc++ 
configure:17732: result: no
configure:17759: checking for static PIC version of gcc 
configure:17781: gcc -o conftest -arch x86_64 -g -O2 -fno-exceptions -fPIC -DPIC  -Wl,--whole-archive /usr/llvm-gcc-4.2/bin/../lib/gcc/i686-apple-darwin11/4.2.1/x86_64/libgcc.a -Wl,--no-whole-archive  -Wl,--no-undefined -Wl,--no-allow-shlib-undefined -shared -static-libgcc -lgcc_eh -lgcc -lc conftest.c  >&5
ld: unknown option: --whole-archive
collect2: ld returned 1 exit status
configure:17781: $? = 1
configure: failed program was:
| /* confdefs.h */
| #define PACKAGE_NAME "xuggler"
| #define PACKAGE_TARNAME "xuggler"
| #define PACKAGE_VERSION "5.5"
| #define PACKAGE_STRING "xuggler 5.5"
| #define PACKAGE_BUGREPORT "info@xuggle.com"
| #define PACKAGE_URL ""
| #define PACKAGE "xuggler"
| #define VERSION "5.5"
| #define STDC_HEADERS 1
| #define HAVE_SYS_TYPES_H 1
| #define HAVE_SYS_STAT_H 1
| #define HAVE_STDLIB_H 1
| #define HAVE_STRING_H 1
| #define HAVE_MEMORY_H 1
| #define HAVE_STRINGS_H 1
| #define HAVE_INTTYPES_H 1
| #define HAVE_STDINT_H 1
| #define HAVE_UNISTD_H 1
| #define HAVE_DLFCN_H 1
| #define LT_OBJDIR ".libs/"
| #define VS_LIB_MAJOR_VERSION 5
| #define VS_LIB_MINOR_VERSION 5
| #define HAVE_DECL_STRERROR_R 1
| #define HAVE_STRERROR_R 1
| #define STDC_HEADERS 1
| #define HAVE_STDLIB_H 1
| #define HAVE_STRING_H 1
| #define HAVE_UNISTD_H 1
| #define HAVE_STDBOOL_H 1
| #define HAVE_STDLIB_H 1
| #define HAVE_MALLOC 1
| #define HAVE_FSEEKO 1
| #define HAVE_MEMMOVE 1
| #define HAVE_MEMSET 1
| #define VSJNI_USE_JVM_FOR_MEMMANAGEMENT 1
| #define VS_ENABLE_GPL 1
| /* end confdefs.h.  */
| 
| int
| main ()
| {
|  int i = 1;
| 
|   ;
|   return 0;
| }
configure:17828: result: no
configure:18040: creating ./config.status

## ---------------------- ##
## Running config.status. ##
## ---------------------- ##

This file was extended by xuggler config.status 5.5, which was
generated by GNU Autoconf 2.68.  Invocation command line was

  CONFIG_FILES    = 
  CONFIG_HEADERS  = 
  CONFIG_LINKS    = 
  CONFIG_COMMANDS = 
  $ ./config.status 

on Sivaramakrishns-iMac.local

config.status:1228: creating Makefile
config.status:1228: creating mk/Makefile.global
config.status:1228: creating csrc/Makefile
config.status:1228: creating csrc/com/Makefile
config.status:1228: creating csrc/com/xuggle/Makefile
config.status:1228: creating csrc/com/xuggle/ferry/Makefile
config.status:1228: creating csrc/com/xuggle/xuggler/Makefile
config.status:1228: creating csrc/com/xuggle/Makefile.dependencies
config.status:1228: creating csrc/com/xuggle/xuggler/io/Makefile
config.status:1228: creating test/csrc/Makefile
config.status:1228: creating test/csrc/com/Makefile
config.status:1228: creating test/csrc/com/xuggle/Makefile
config.status:1228: creating test/csrc/com/xuggle/testutils/Makefile
config.status:1228: creating test/csrc/com/xuggle/ferry/Makefile
config.status:1228: creating test/csrc/com/xuggle/xuggler/Makefile
config.status:1228: creating test/csrc/com/xuggle/xuggler/io/Makefile
config.status:1228: creating csrc/com/xuggle/ferry/config.h
config.status:1228: creating csrc/com/xuggle/xuggler/config.h
config.status:1228: creating csrc/com/xuggle/xuggler/io/config.h
config.status:1457: executing libtool commands
configure:20534: === configuring in captive (/projects/workrepo/xuggle-xuggler/captive)
configure:20597: running /bin/sh ./configure --disable-option-checking '--prefix=/usr/local'  --cache-file=/dev/null --srcdir=.

## ---------------- ##
## Cache variables. ##
## ---------------- ##

ac_cv_build=x86_64-apple-darwin11.4.2
ac_cv_c_compiler_gnu=yes
ac_cv_c_const=yes
ac_cv_c_inline=inline
ac_cv_c_int16_t=yes
ac_cv_c_int32_t=yes
ac_cv_c_int64_t=yes
ac_cv_c_int8_t=yes
ac_cv_c_uint16_t=yes
ac_cv_c_uint32_t=yes
ac_cv_c_uint64_t=yes
ac_cv_c_uint8_t=yes
ac_cv_c_volatile=yes
ac_cv_cxx_compiler_gnu=yes
ac_cv_env_CCC_set=
ac_cv_env_CCC_value=
ac_cv_env_CC_set=
ac_cv_env_CC_value=
ac_cv_env_CFLAGS_set=
ac_cv_env_CFLAGS_value=
ac_cv_env_CPPFLAGS_set=
ac_cv_env_CPPFLAGS_value=
ac_cv_env_CPP_set=
ac_cv_env_CPP_value=
ac_cv_env_CXXCPP_set=
ac_cv_env_CXXCPP_value=
ac_cv_env_CXXFLAGS_set=
ac_cv_env_CXXFLAGS_value=
ac_cv_env_CXX_set=
ac_cv_env_CXX_value=
ac_cv_env_DOXYGEN_set=
ac_cv_env_DOXYGEN_value=
ac_cv_env_LDFLAGS_set=
ac_cv_env_LDFLAGS_value=
ac_cv_env_LIBS_set=
ac_cv_env_LIBS_value=
ac_cv_env_PERL_set=
ac_cv_env_PERL_value=
ac_cv_env_SWIG_set=
ac_cv_env_SWIG_value=
ac_cv_env_VALGRIND_set=
ac_cv_env_VALGRIND_value=
ac_cv_env_build_alias_set=
ac_cv_env_build_alias_value=
ac_cv_env_host_alias_set=
ac_cv_env_host_alias_value=
ac_cv_env_target_alias_set=
ac_cv_env_target_alias_value=
ac_cv_func_malloc_0_nonnull=yes
ac_cv_func_memmove=yes
ac_cv_func_memset=yes
ac_cv_func_strerror_r=yes
ac_cv_func_strerror_r_char_p=no
ac_cv_have_decl_strerror_r=yes
ac_cv_header_dlfcn_h=yes
ac_cv_header_inttypes_h=yes
ac_cv_header_memory_h=yes
ac_cv_header_stdbool_h=yes
ac_cv_header_stdc=yes
ac_cv_header_stdint_h=yes
ac_cv_header_stdlib_h=yes
ac_cv_header_string_h=yes
ac_cv_header_strings_h=yes
ac_cv_header_sys_stat_h=yes
ac_cv_header_sys_types_h=yes
ac_cv_header_unistd_h=yes
ac_cv_host=x86_64-apple-darwin11.4.2
ac_cv_lib_error_at_line=no
ac_cv_objext=o
ac_cv_path_EGREP='/usr/bin/grep -E'
ac_cv_path_FGREP='/usr/bin/grep -F'
ac_cv_path_GREP=/usr/bin/grep
ac_cv_path_PERL=/usr/bin/perl
ac_cv_path_SED=/usr/local/bin/gsed
ac_cv_path_install='/usr/bin/install -c'
ac_cv_prog_AWK=awk
ac_cv_prog_CPP='gcc -E'
ac_cv_prog_CXXCPP='g++ -E'
ac_cv_prog_ac_ct_AR=ar
ac_cv_prog_ac_ct_CC=gcc
ac_cv_prog_ac_ct_CXX=g++
ac_cv_prog_ac_ct_DSYMUTIL=dsymutil
ac_cv_prog_ac_ct_LIPO=lipo
ac_cv_prog_ac_ct_NMEDIT=nmedit
ac_cv_prog_ac_ct_OTOOL=otool
ac_cv_prog_ac_ct_RANLIB=ranlib
ac_cv_prog_ac_ct_STRIP=strip
ac_cv_prog_cc_c89=
ac_cv_prog_cc_g=yes
ac_cv_prog_cxx_g=yes
ac_cv_prog_make_make_set=yes
ac_cv_struct_tm=time.h
ac_cv_sys_largefile_source=no
ac_cv_type__Bool=no
ac_cv_type_off_t=yes
ac_cv_type_size_t=yes
am_cv_make_support_nested_variables=yes
am_cv_prog_tar_pax=gnutar
ax_cv_cxx_compiler_vendor=gnu
lt_cv_apple_cc_single_mod=yes
lt_cv_ar_at_file=no
lt_cv_deplibs_check_method=pass_all
lt_cv_file_magic_cmd='$MAGIC_CMD'
lt_cv_file_magic_test_file=
lt_cv_ld_exported_symbols_list=yes
lt_cv_ld_force_load=yes
lt_cv_ld_reload_flag=-r
lt_cv_nm_interface='BSD nm'
lt_cv_objdir=.libs
lt_cv_path_LD=/usr/llvm-gcc-4.2/libexec/gcc/i686-apple-darwin11/4.2.1/ld
lt_cv_path_LDCXX=/usr/llvm-gcc-4.2/libexec/gcc/i686-apple-darwin11/4.2.1/ld
lt_cv_path_NM=/usr/bin/nm
lt_cv_path_mainfest_tool=no
lt_cv_prog_compiler_c_o=yes
lt_cv_prog_compiler_c_o_CXX=yes
lt_cv_prog_compiler_pic='-fno-common -DPIC'
lt_cv_prog_compiler_pic_CXX='-fno-common -DPIC'
lt_cv_prog_compiler_pic_works=yes
lt_cv_prog_compiler_pic_works_CXX=yes
lt_cv_prog_compiler_rtti_exceptions=no
lt_cv_prog_compiler_static_works=no
lt_cv_prog_compiler_static_works_CXX=no
lt_cv_prog_gnu_ld=no
lt_cv_prog_gnu_ldcxx=no
lt_cv_sharedlib_from_linklib_cmd='printf %s\n'
lt_cv_sys_global_symbol_pipe='sed -n -e '\''s/^.*[	 ]\([BCDEGRST][BCDEGRST]*\)[	 ][	 ]*_\([_A-Za-z][_A-Za-z0-9]*\)$/\1 _\2 \2/p'\'' | sed '\''/ __gnu_lto/d'\'''
lt_cv_sys_global_symbol_to_c_name_address='sed -n -e '\''s/^: \([^ ]*\)[ ]*$/  {\"\1\", (void *) 0},/p'\'' -e '\''s/^[BCDEGRST]* \([^ ]*\) \([^ ]*\)$/  {"\2", (void *) \&\2},/p'\'''
lt_cv_sys_global_symbol_to_c_name_address_lib_prefix='sed -n -e '\''s/^: \([^ ]*\)[ ]*$/  {\"\1\", (void *) 0},/p'\'' -e '\''s/^[BCDEGRST]* \([^ ]*\) \(lib[^ ]*\)$/  {"\2", (void *) \&\2},/p'\'' -e '\''s/^[BCDEGRST]* \([^ ]*\) \([^ ]*\)$/  {"lib\2", (void *) \&\2},/p'\'''
lt_cv_sys_global_symbol_to_cdecl='sed -n -e '\''s/^T .* \(.*\)$/extern int \1();/p'\'' -e '\''s/^[BCDEGRST]* .* \(.*\)$/extern char \1;/p'\'''
lt_cv_sys_max_cmd_len=196608
lt_cv_to_host_file_cmd=func_convert_file_noop
lt_cv_to_tool_file_cmd=func_convert_file_noop
vs_cv_find_static_lib=no

## ----------------- ##
## Output variables. ##
## ----------------- ##

ACLOCAL='${SHELL} /projects/workrepo/xuggle-xuggler/missing --run aclocal-1.11'
AMTAR='$${TAR-tar}'
AM_BACKSLASH='\'
AM_DEFAULT_V='$(AM_DEFAULT_VERBOSITY)'
AM_DEFAULT_VERBOSITY='0'
AM_V='$(V)'
AR='ar'
AS='as'
ASFLAGS=''
AUTOCONF='${SHELL} /projects/workrepo/xuggle-xuggler/missing --run autoconf'
AUTOHEADER='${SHELL} /projects/workrepo/xuggle-xuggler/missing --run autoheader'
AUTOMAKE='${SHELL} /projects/workrepo/xuggle-xuggler/missing --run automake-1.11'
AWK='awk'
CAPTIVES_ENABLED='yes'
CAPTIVES_ENABLED_FALSE='#'
CAPTIVES_ENABLED_TRUE=''
CC='gcc'
CFLAGS='-arch x86_64 -g -O2'
CPP='gcc -E'
CPPFLAGS=''
CXX='g++'
CXXCPP='g++ -E'
CXXFLAGS='-arch x86_64 '
CYGPATH_W='echo'
DEFS='-DHAVE_CONFIG_H'
DLLTOOL='false'
DOXYGEN=''
DSYMUTIL='dsymutil'
DUMPBIN=''
ECHO_C='\c'
ECHO_N=''
ECHO_T=''
EGREP='/usr/bin/grep -E'
EXEEXT=''
FGREP='/usr/bin/grep -F'
GREP='/usr/bin/grep'
HAVE_DOXYGEN_FALSE=''
HAVE_DOXYGEN_TRUE='#'
HAVE_PERL_FALSE='#'
HAVE_PERL_TRUE=''
HAVE_VALGRIND_FALSE=''
HAVE_VALGRIND_TRUE='#'
HOST_OS='x86_64-apple-darwin11.4.2'
HOST_SO_LIBPATH='DYLD_LIBRARY_PATH'
HOST_TYPE='Mac'
INSTALL_DATA='${INSTALL} -m 644'
INSTALL_PROGRAM='${INSTALL}'
INSTALL_SCRIPT='${INSTALL}'
INSTALL_STRIP_PROGRAM='$(install_sh) -c -s'
LD='/usr/llvm-gcc-4.2/libexec/gcc/i686-apple-darwin11/4.2.1/ld'
LDFLAGS=''
LIBOBJS=' ${LIBOBJDIR}error$U.o'
LIBS=''
LIBTOOL='$(SHELL) $(top_builddir)/libtool'
LIBTOOL_DEPS='./ltmain.sh'
LIB_MAJOR_VERSION='5'
LIB_MINOR_VERSION='5'
LIPO='lipo'
LN_S='ln -s'
LTLIBOBJS=' ${LIBOBJDIR}error$U.lo'
MAINT='#'
MAINTAINER_MODE_FALSE=''
MAINTAINER_MODE_TRUE='#'
MAKEINFO='${SHELL} /projects/workrepo/xuggle-xuggler/missing --run makeinfo'
MANIFEST_TOOL=':'
MKDIR_P='./install-sh -c -d'
NM='/usr/bin/nm'
NMEDIT='nmedit'
OBJDUMP='false'
OBJEXT='o'
OTOOL64=':'
OTOOL='otool'
PACKAGE='xuggler'
PACKAGE_BUGREPORT='info@xuggle.com'
PACKAGE_NAME='xuggler'
PACKAGE_STRING='xuggler 5.5'
PACKAGE_TARNAME='xuggler'
PACKAGE_URL=''
PACKAGE_VERSION='5.5'
PATH_SEPARATOR=':'
PERL='/usr/bin/perl'
RANLIB='ranlib'
SED='/usr/local/bin/gsed'
SET_MAKE=''
SHELL='/bin/sh'
STRIP='strip'
SWIG=''
VALGRIND=''
VERSION='5.5'
VS_CFLAGS=''
VS_CPPFLAGS=''
VS_CROSS_COMPILE=''
VS_CROSS_COMPILE_FALSE=''
VS_CROSS_COMPILE_TRUE='#'
VS_CROSS_PREFIX=''
VS_CXXFLAGS=''
VS_DEBUG=''
VS_DEBUG_FALSE=''
VS_DEBUG_TRUE='#'
VS_ENABLE_GPL='yes'
VS_ENABLE_GPL_FALSE='#'
VS_ENABLE_GPL_TRUE=''
VS_IS_GCC_FALSE=''
VS_IS_GCC_TRUE='#'
VS_JNI_INCLUDE='-I"/projects/workrepo/xuggle-xuggler/captive/jni/darwin/" -I"/projects/workrepo/xuggle-xuggler/captive/jni/darwin"'
VS_LDFLAGS=''
VS_LIBGCC=''
VS_LIBSTDCXX='-XCClinker -lstdc++'
VS_OS_LINUX_FALSE=''
VS_OS_LINUX_TRUE='#'
VS_OS_MAC_FALSE='#'
VS_OS_MAC_TRUE=''
VS_OS_WINDOWS=''
VS_OS_WINDOWS_FALSE=''
VS_OS_WINDOWS_TRUE='#'
VS_SWIG=''
VS_SWIG_FALSE=''
VS_SWIG_TRUE='#'
VS_WARN_ISERROR='1'
VS_WARN_ISERROR_FALSE='#'
VS_WARN_ISERROR_TRUE=''
ac_ct_AR='ar'
ac_ct_CC='gcc'
ac_ct_CXX='g++'
ac_ct_DUMPBIN=''
am__EXEEXT_FALSE=''
am__EXEEXT_TRUE='#'
am__isrc=''
am__leading_dot='.'
am__tar='tar --format=posix -chf - "$$tardir"'
am__untar='tar -xf -'
bindir='${exec_prefix}/bin'
build='x86_64-apple-darwin11.4.2'
build_alias=''
build_cpu='x86_64'
build_os='darwin11.4.2'
build_vendor='apple'
datadir='${datarootdir}'
datarootdir='${prefix}/share'
docdir='${datarootdir}/doc/${PACKAGE_TARNAME}'
dvidir='${docdir}'
exec_prefix='${prefix}'
host='x86_64-apple-darwin11.4.2'
host_alias=''
host_cpu='x86_64'
host_os='darwin11.4.2'
host_vendor='apple'
htmldir='${docdir}'
includedir='${prefix}/include'
infodir='${datarootdir}/info'
install_sh='${SHELL} /projects/workrepo/xuggle-xuggler/install-sh'
libdir='${exec_prefix}/lib'
libexecdir='${exec_prefix}/libexec'
localedir='${datarootdir}/locale'
localstatedir='${prefix}/var'
mandir='${datarootdir}/man'
mkdir_p='$(top_builddir)/./install-sh -c -d'
oldincludedir='/usr/include'
pdfdir='${docdir}'
prefix='/usr/local'
program_transform_name='s,x,x,'
psdir='${docdir}'
sbindir='${exec_prefix}/sbin'
sharedstatedir='${prefix}/com'
subdirs=' captive'
sysconfdir='${prefix}/etc'
target_alias=''

## ----------- ##
## confdefs.h. ##
## ----------- ##

/* confdefs.h */
#define PACKAGE_NAME "xuggler"
#define PACKAGE_TARNAME "xuggler"
#define PACKAGE_VERSION "5.5"
#define PACKAGE_STRING "xuggler 5.5"
#define PACKAGE_BUGREPORT "info@xuggle.com"
#define PACKAGE_URL ""
#define PACKAGE "xuggler"
#define VERSION "5.5"
#define STDC_HEADERS 1
#define HAVE_SYS_TYPES_H 1
#define HAVE_SYS_STAT_H 1
#define HAVE_STDLIB_H 1
#define HAVE_STRING_H 1
#define HAVE_MEMORY_H 1
#define HAVE_STRINGS_H 1
#define HAVE_INTTYPES_H 1
#define HAVE_STDINT_H 1
#define HAVE_UNISTD_H 1
#define HAVE_DLFCN_H 1
#define LT_OBJDIR ".libs/"
#define VS_LIB_MAJOR_VERSION 5
#define VS_LIB_MINOR_VERSION 5
#define HAVE_DECL_STRERROR_R 1
#define HAVE_STRERROR_R 1
#define STDC_HEADERS 1
#define HAVE_STDLIB_H 1
#define HAVE_STRING_H 1
#define HAVE_UNISTD_H 1
#define HAVE_STDBOOL_H 1
#define HAVE_STDLIB_H 1
#define HAVE_MALLOC 1
#define HAVE_FSEEKO 1
#define HAVE_MEMMOVE 1
#define HAVE_MEMSET 1
#define VSJNI_USE_JVM_FOR_MEMMANAGEMENT 1
#define VS_ENABLE_GPL 1

configure: exit 0
